-------------------------------------------------------------------------------
Test set: com.yks.demo.DemoclientApplicationTests
-------------------------------------------------------------------------------
Tests run: 1, Failures: 0, Errors: 1, Skipped: 0, Time elapsed: 7.321 s <<< FAILURE! - in com.yks.demo.DemoclientApplicationTests
contextLoads(com.yks.demo.DemoclientApplicationTests)  Time elapsed: 0.011 s  <<< ERROR!
java.lang.IllegalStateException: Failed to load ApplicationContext
Caused by: org.springframework.beans.factory.BeanCreationException: Error creating bean with name 'motanRoleController' defined in file [E:\code\urcenter\source\democlient\target\classes\com\yks\demo\controller\MotanRoleController.class]: Initialization of bean failed; nested exception is org.springframework.beans.factory.BeanInitializationException: Failed to init remote service reference at filed urcService in class com.yks.demo.controller.MotanRoleController; nested exception is com.weibo.api.motan.exception.MotanFrameworkException: error_message: ClusterSupport No service urls for the refer:motan2://192.168.19.195:0/urc-service-provider-group/com.yks.urc.motan.service.api.IUrcService/1.0/referer, registries:[zookeeper://192.168.201.211:2181/com.weibo.api.motan.registry.RegistryService?group=default_rpc], status: 404, error_code: 10101,r=null
Caused by: org.springframework.beans.factory.BeanInitializationException: Failed to init remote service reference at filed urcService in class com.yks.demo.controller.MotanRoleController; nested exception is com.weibo.api.motan.exception.MotanFrameworkException: error_message: ClusterSupport No service urls for the refer:motan2://192.168.19.195:0/urc-service-provider-group/com.yks.urc.motan.service.api.IUrcService/1.0/referer, registries:[zookeeper://192.168.201.211:2181/com.weibo.api.motan.registry.RegistryService?group=default_rpc], status: 404, error_code: 10101,r=null
Caused by: com.weibo.api.motan.exception.MotanFrameworkException: error_message: ClusterSupport No service urls for the refer:motan2://192.168.19.195:0/urc-service-provider-group/com.yks.urc.motan.service.api.IUrcService/1.0/referer, registries:[zookeeper://192.168.201.211:2181/com.weibo.api.motan.registry.RegistryService?group=default_rpc], status: 404, error_code: 10101,r=null

