-------------------------------------------------------------------------------
Test set: com.yks.demo.motan.service.MotanUserServiceTest
-------------------------------------------------------------------------------
Tests run: 8, Failures: 0, Errors: 8, Skipped: 0, Time elapsed: 6.815 s <<< FAILURE! - in com.yks.demo.motan.service.MotanUserServiceTest
startMonitor_Test(com.yks.demo.motan.service.MotanUserServiceTest)  Time elapsed: 0 s  <<< ERROR!
java.lang.IllegalStateException: Failed to load ApplicationContext
Caused by: org.springframework.beans.factory.BeanCreationException: Error creating bean with name 'motanRoleController' defined in file [E:\code\urcenter\source\democlient\target\classes\com\yks\demo\controller\MotanRoleController.class]: Initialization of bean failed; nested exception is org.springframework.beans.factory.BeanInitializationException: Failed to init remote service reference at filed urcService in class com.yks.demo.controller.MotanRoleController; nested exception is com.weibo.api.motan.exception.MotanFrameworkException: error_message: ClusterSupport No service urls for the refer:motan2://192.168.19.195:0/urc-service-provider-group/com.yks.urc.motan.service.api.IUrcService/1.0/referer, registries:[zookeeper://192.168.201.211:2181/com.weibo.api.motan.registry.RegistryService?group=default_rpc], status: 404, error_code: 10101,r=null
Caused by: org.springframework.beans.factory.BeanInitializationException: Failed to init remote service reference at filed urcService in class com.yks.demo.controller.MotanRoleController; nested exception is com.weibo.api.motan.exception.MotanFrameworkException: error_message: ClusterSupport No service urls for the refer:motan2://192.168.19.195:0/urc-service-provider-group/com.yks.urc.motan.service.api.IUrcService/1.0/referer, registries:[zookeeper://192.168.201.211:2181/com.weibo.api.motan.registry.RegistryService?group=default_rpc], status: 404, error_code: 10101,r=null
Caused by: com.weibo.api.motan.exception.MotanFrameworkException: error_message: ClusterSupport No service urls for the refer:motan2://192.168.19.195:0/urc-service-provider-group/com.yks.urc.motan.service.api.IUrcService/1.0/referer, registries:[zookeeper://192.168.201.211:2181/com.weibo.api.motan.registry.RegistryService?group=default_rpc], status: 404, error_code: 10101,r=null

login_Test(com.yks.demo.motan.service.MotanUserServiceTest)  Time elapsed: 0 s  <<< ERROR!
java.lang.IllegalStateException: Failed to load ApplicationContext
Caused by: org.springframework.beans.factory.BeanCreationException: Error creating bean with name 'motanRoleController' defined in file [E:\code\urcenter\source\democlient\target\classes\com\yks\demo\controller\MotanRoleController.class]: Initialization of bean failed; nested exception is org.springframework.beans.factory.BeanInitializationException: Failed to init remote service reference at filed urcService in class com.yks.demo.controller.MotanRoleController; nested exception is com.weibo.api.motan.exception.MotanFrameworkException: error_message: ClusterSupport No service urls for the refer:motan2://192.168.19.195:0/urc-service-provider-group/com.yks.urc.motan.service.api.IUrcService/1.0/referer, registries:[zookeeper://192.168.201.211:2181/com.weibo.api.motan.registry.RegistryService?group=default_rpc], status: 404, error_code: 10101,r=null
Caused by: org.springframework.beans.factory.BeanInitializationException: Failed to init remote service reference at filed urcService in class com.yks.demo.controller.MotanRoleController; nested exception is com.weibo.api.motan.exception.MotanFrameworkException: error_message: ClusterSupport No service urls for the refer:motan2://192.168.19.195:0/urc-service-provider-group/com.yks.urc.motan.service.api.IUrcService/1.0/referer, registries:[zookeeper://192.168.201.211:2181/com.weibo.api.motan.registry.RegistryService?group=default_rpc], status: 404, error_code: 10101,r=null
Caused by: com.weibo.api.motan.exception.MotanFrameworkException: error_message: ClusterSupport No service urls for the refer:motan2://192.168.19.195:0/urc-service-provider-group/com.yks.urc.motan.service.api.IUrcService/1.0/referer, registries:[zookeeper://192.168.201.211:2181/com.weibo.api.motan.registry.RegistryService?group=default_rpc], status: 404, error_code: 10101,r=null

endMonitorMemory_Test(com.yks.demo.motan.service.MotanUserServiceTest)  Time elapsed: 0.001 s  <<< ERROR!
java.lang.IllegalStateException: Failed to load ApplicationContext
Caused by: org.springframework.beans.factory.BeanCreationException: Error creating bean with name 'motanRoleController' defined in file [E:\code\urcenter\source\democlient\target\classes\com\yks\demo\controller\MotanRoleController.class]: Initialization of bean failed; nested exception is org.springframework.beans.factory.BeanInitializationException: Failed to init remote service reference at filed urcService in class com.yks.demo.controller.MotanRoleController; nested exception is com.weibo.api.motan.exception.MotanFrameworkException: error_message: ClusterSupport No service urls for the refer:motan2://192.168.19.195:0/urc-service-provider-group/com.yks.urc.motan.service.api.IUrcService/1.0/referer, registries:[zookeeper://192.168.201.211:2181/com.weibo.api.motan.registry.RegistryService?group=default_rpc], status: 404, error_code: 10101,r=null
Caused by: org.springframework.beans.factory.BeanInitializationException: Failed to init remote service reference at filed urcService in class com.yks.demo.controller.MotanRoleController; nested exception is com.weibo.api.motan.exception.MotanFrameworkException: error_message: ClusterSupport No service urls for the refer:motan2://192.168.19.195:0/urc-service-provider-group/com.yks.urc.motan.service.api.IUrcService/1.0/referer, registries:[zookeeper://192.168.201.211:2181/com.weibo.api.motan.registry.RegistryService?group=default_rpc], status: 404, error_code: 10101,r=null
Caused by: com.weibo.api.motan.exception.MotanFrameworkException: error_message: ClusterSupport No service urls for the refer:motan2://192.168.19.195:0/urc-service-provider-group/com.yks.urc.motan.service.api.IUrcService/1.0/referer, registries:[zookeeper://192.168.201.211:2181/com.weibo.api.motan.registry.RegistryService?group=default_rpc], status: 404, error_code: 10101,r=null

importPermit_Test(com.yks.demo.motan.service.MotanUserServiceTest)  Time elapsed: 0 s  <<< ERROR!
java.lang.IllegalStateException: Failed to load ApplicationContext
Caused by: org.springframework.beans.factory.BeanCreationException: Error creating bean with name 'motanRoleController' defined in file [E:\code\urcenter\source\democlient\target\classes\com\yks\demo\controller\MotanRoleController.class]: Initialization of bean failed; nested exception is org.springframework.beans.factory.BeanInitializationException: Failed to init remote service reference at filed urcService in class com.yks.demo.controller.MotanRoleController; nested exception is com.weibo.api.motan.exception.MotanFrameworkException: error_message: ClusterSupport No service urls for the refer:motan2://192.168.19.195:0/urc-service-provider-group/com.yks.urc.motan.service.api.IUrcService/1.0/referer, registries:[zookeeper://192.168.201.211:2181/com.weibo.api.motan.registry.RegistryService?group=default_rpc], status: 404, error_code: 10101,r=null
Caused by: org.springframework.beans.factory.BeanInitializationException: Failed to init remote service reference at filed urcService in class com.yks.demo.controller.MotanRoleController; nested exception is com.weibo.api.motan.exception.MotanFrameworkException: error_message: ClusterSupport No service urls for the refer:motan2://192.168.19.195:0/urc-service-provider-group/com.yks.urc.motan.service.api.IUrcService/1.0/referer, registries:[zookeeper://192.168.201.211:2181/com.weibo.api.motan.registry.RegistryService?group=default_rpc], status: 404, error_code: 10101,r=null
Caused by: com.weibo.api.motan.exception.MotanFrameworkException: error_message: ClusterSupport No service urls for the refer:motan2://192.168.19.195:0/urc-service-provider-group/com.yks.urc.motan.service.api.IUrcService/1.0/referer, registries:[zookeeper://192.168.201.211:2181/com.weibo.api.motan.registry.RegistryService?group=default_rpc], status: 404, error_code: 10101,r=null

getUserByUserInfo_Test(com.yks.demo.motan.service.MotanUserServiceTest)  Time elapsed: 0.001 s  <<< ERROR!
java.lang.IllegalStateException: Failed to load ApplicationContext
Caused by: org.springframework.beans.factory.BeanCreationException: Error creating bean with name 'motanRoleController' defined in file [E:\code\urcenter\source\democlient\target\classes\com\yks\demo\controller\MotanRoleController.class]: Initialization of bean failed; nested exception is org.springframework.beans.factory.BeanInitializationException: Failed to init remote service reference at filed urcService in class com.yks.demo.controller.MotanRoleController; nested exception is com.weibo.api.motan.exception.MotanFrameworkException: error_message: ClusterSupport No service urls for the refer:motan2://192.168.19.195:0/urc-service-provider-group/com.yks.urc.motan.service.api.IUrcService/1.0/referer, registries:[zookeeper://192.168.201.211:2181/com.weibo.api.motan.registry.RegistryService?group=default_rpc], status: 404, error_code: 10101,r=null
Caused by: org.springframework.beans.factory.BeanInitializationException: Failed to init remote service reference at filed urcService in class com.yks.demo.controller.MotanRoleController; nested exception is com.weibo.api.motan.exception.MotanFrameworkException: error_message: ClusterSupport No service urls for the refer:motan2://192.168.19.195:0/urc-service-provider-group/com.yks.urc.motan.service.api.IUrcService/1.0/referer, registries:[zookeeper://192.168.201.211:2181/com.weibo.api.motan.registry.RegistryService?group=default_rpc], status: 404, error_code: 10101,r=null
Caused by: com.weibo.api.motan.exception.MotanFrameworkException: error_message: ClusterSupport No service urls for the refer:motan2://192.168.19.195:0/urc-service-provider-group/com.yks.urc.motan.service.api.IUrcService/1.0/referer, registries:[zookeeper://192.168.201.211:2181/com.weibo.api.motan.registry.RegistryService?group=default_rpc], status: 404, error_code: 10101,r=null

test_funcPermitValidate(com.yks.demo.motan.service.MotanUserServiceTest)  Time elapsed: 0.004 s  <<< ERROR!
java.lang.IllegalStateException: Failed to load ApplicationContext
Caused by: org.springframework.beans.factory.BeanCreationException: Error creating bean with name 'motanRoleController' defined in file [E:\code\urcenter\source\democlient\target\classes\com\yks\demo\controller\MotanRoleController.class]: Initialization of bean failed; nested exception is org.springframework.beans.factory.BeanInitializationException: Failed to init remote service reference at filed urcService in class com.yks.demo.controller.MotanRoleController; nested exception is com.weibo.api.motan.exception.MotanFrameworkException: error_message: ClusterSupport No service urls for the refer:motan2://192.168.19.195:0/urc-service-provider-group/com.yks.urc.motan.service.api.IUrcService/1.0/referer, registries:[zookeeper://192.168.201.211:2181/com.weibo.api.motan.registry.RegistryService?group=default_rpc], status: 404, error_code: 10101,r=null
Caused by: org.springframework.beans.factory.BeanInitializationException: Failed to init remote service reference at filed urcService in class com.yks.demo.controller.MotanRoleController; nested exception is com.weibo.api.motan.exception.MotanFrameworkException: error_message: ClusterSupport No service urls for the refer:motan2://192.168.19.195:0/urc-service-provider-group/com.yks.urc.motan.service.api.IUrcService/1.0/referer, registries:[zookeeper://192.168.201.211:2181/com.weibo.api.motan.registry.RegistryService?group=default_rpc], status: 404, error_code: 10101,r=null
Caused by: com.weibo.api.motan.exception.MotanFrameworkException: error_message: ClusterSupport No service urls for the refer:motan2://192.168.19.195:0/urc-service-provider-group/com.yks.urc.motan.service.api.IUrcService/1.0/referer, registries:[zookeeper://192.168.201.211:2181/com.weibo.api.motan.registry.RegistryService?group=default_rpc], status: 404, error_code: 10101,r=null

testGetAllFuncPermit(com.yks.demo.motan.service.MotanUserServiceTest)  Time elapsed: 0 s  <<< ERROR!
java.lang.IllegalStateException: Failed to load ApplicationContext
Caused by: org.springframework.beans.factory.BeanCreationException: Error creating bean with name 'motanRoleController' defined in file [E:\code\urcenter\source\democlient\target\classes\com\yks\demo\controller\MotanRoleController.class]: Initialization of bean failed; nested exception is org.springframework.beans.factory.BeanInitializationException: Failed to init remote service reference at filed urcService in class com.yks.demo.controller.MotanRoleController; nested exception is com.weibo.api.motan.exception.MotanFrameworkException: error_message: ClusterSupport No service urls for the refer:motan2://192.168.19.195:0/urc-service-provider-group/com.yks.urc.motan.service.api.IUrcService/1.0/referer, registries:[zookeeper://192.168.201.211:2181/com.weibo.api.motan.registry.RegistryService?group=default_rpc], status: 404, error_code: 10101,r=null
Caused by: org.springframework.beans.factory.BeanInitializationException: Failed to init remote service reference at filed urcService in class com.yks.demo.controller.MotanRoleController; nested exception is com.weibo.api.motan.exception.MotanFrameworkException: error_message: ClusterSupport No service urls for the refer:motan2://192.168.19.195:0/urc-service-provider-group/com.yks.urc.motan.service.api.IUrcService/1.0/referer, registries:[zookeeper://192.168.201.211:2181/com.weibo.api.motan.registry.RegistryService?group=default_rpc], status: 404, error_code: 10101,r=null
Caused by: com.weibo.api.motan.exception.MotanFrameworkException: error_message: ClusterSupport No service urls for the refer:motan2://192.168.19.195:0/urc-service-provider-group/com.yks.urc.motan.service.api.IUrcService/1.0/referer, registries:[zookeeper://192.168.201.211:2181/com.weibo.api.motan.registry.RegistryService?group=default_rpc], status: 404, error_code: 10101,r=null

updateRolePermission_Test(com.yks.demo.motan.service.MotanUserServiceTest)  Time elapsed: 0 s  <<< ERROR!
java.lang.IllegalStateException: Failed to load ApplicationContext
Caused by: org.springframework.beans.factory.BeanCreationException: Error creating bean with name 'motanRoleController' defined in file [E:\code\urcenter\source\democlient\target\classes\com\yks\demo\controller\MotanRoleController.class]: Initialization of bean failed; nested exception is org.springframework.beans.factory.BeanInitializationException: Failed to init remote service reference at filed urcService in class com.yks.demo.controller.MotanRoleController; nested exception is com.weibo.api.motan.exception.MotanFrameworkException: error_message: ClusterSupport No service urls for the refer:motan2://192.168.19.195:0/urc-service-provider-group/com.yks.urc.motan.service.api.IUrcService/1.0/referer, registries:[zookeeper://192.168.201.211:2181/com.weibo.api.motan.registry.RegistryService?group=default_rpc], status: 404, error_code: 10101,r=null
Caused by: org.springframework.beans.factory.BeanInitializationException: Failed to init remote service reference at filed urcService in class com.yks.demo.controller.MotanRoleController; nested exception is com.weibo.api.motan.exception.MotanFrameworkException: error_message: ClusterSupport No service urls for the refer:motan2://192.168.19.195:0/urc-service-provider-group/com.yks.urc.motan.service.api.IUrcService/1.0/referer, registries:[zookeeper://192.168.201.211:2181/com.weibo.api.motan.registry.RegistryService?group=default_rpc], status: 404, error_code: 10101,r=null
Caused by: com.weibo.api.motan.exception.MotanFrameworkException: error_message: ClusterSupport No service urls for the refer:motan2://192.168.19.195:0/urc-service-provider-group/com.yks.urc.motan.service.api.IUrcService/1.0/referer, registries:[zookeeper://192.168.201.211:2181/com.weibo.api.motan.registry.RegistryService?group=default_rpc], status: 404, error_code: 10101,r=null

