<?xml version="1.0" encoding="UTF-8"?>
<testsuite xmlns:xsi="http://www.w3.org/2001/XMLSchema-instance" xsi:noNamespaceSchemaLocation="https://maven.apache.org/surefire/maven-surefire-plugin/xsd/surefire-test-report.xsd" name="com.yks.demo.DemoclientApplicationTests" time="7.321" tests="1" errors="1" skipped="0" failures="0">
  <properties>
[...]
</properties>
  <testcase name="contextLoads" classname="com.yks.demo.DemoclientApplicationTests" time="0.011">
    <error message="Failed to load ApplicationContext" type="java.lang.IllegalStateException">java.lang.IllegalStateException: Failed to load ApplicationContext
Caused by: org.springframework.beans.factory.BeanCreationException: Error creating bean with name 'motanRoleController' defined in file [E:\code\urcenter\source\democlient\target\classes\com\yks\demo\controller\MotanRoleController.class]: Initialization of bean failed; nested exception is org.springframework.beans.factory.BeanInitializationException: Failed to init remote service reference at filed urcService in class com.yks.demo.controller.MotanRoleController; nested exception is com.weibo.api.motan.exception.MotanFrameworkException: error_message: ClusterSupport No service urls for the refer:motan2://192.168.19.195:0/urc-service-provider-group/com.yks.urc.motan.service.api.IUrcService/1.0/referer, registries:[zookeeper://192.168.201.211:2181/com.weibo.api.motan.registry.RegistryService?group=default_rpc], status: 404, error_code: 10101,r=null
Caused by: org.springframework.beans.factory.BeanInitializationException: Failed to init remote service reference at filed urcService in class com.yks.demo.controller.MotanRoleController; nested exception is com.weibo.api.motan.exception.MotanFrameworkException: error_message: ClusterSupport No service urls for the refer:motan2://192.168.19.195:0/urc-service-provider-group/com.yks.urc.motan.service.api.IUrcService/1.0/referer, registries:[zookeeper://192.168.201.211:2181/com.weibo.api.motan.registry.RegistryService?group=default_rpc], status: 404, error_code: 10101,r=null
Caused by: com.weibo.api.motan.exception.MotanFrameworkException: error_message: ClusterSupport No service urls for the refer:motan2://192.168.19.195:0/urc-service-provider-group/com.yks.urc.motan.service.api.IUrcService/1.0/referer, registries:[zookeeper://192.168.201.211:2181/com.weibo.api.motan.registry.RegistryService?group=default_rpc], status: 404, error_code: 10101,r=null
</error>
    <system-out><![CDATA[[INFO ][2018-07-16 11:18:35,872][main][org.springframework.boot.test.context.SpringBootTestContextBootstrapper:308] Neither @ContextConfiguration nor @ContextHierarchy found for test class [com.yks.demo.DemoclientApplicationTests], using SpringBootContextLoader
[INFO ][2018-07-16 11:18:35,891][main][org.springframework.test.context.support.AbstractContextLoader:264] Could not detect default resource locations for test class [com.yks.demo.DemoclientApplicationTests]: no resource found for suffixes {-context.xml, Context.groovy}.
[INFO ][2018-07-16 11:18:35,892][main][org.springframework.test.context.support.AnnotationConfigContextLoaderUtils:83] Could not detect default configuration classes for test class [com.yks.demo.DemoclientApplicationTests]: DemoclientApplicationTests does not declare any static, non-private, non-final, nested classes annotated with @Configuration.
[INFO ][2018-07-16 11:18:36,239][main][org.springframework.boot.test.context.SpringBootTestContextBootstrapper:244] Found @SpringBootConfiguration com.yks.demo.DemoClientApplication for test class com.yks.demo.DemoclientApplicationTests
[INFO ][2018-07-16 11:18:36,548][main][org.springframework.boot.test.context.SpringBootTestContextBootstrapper:248] Loaded default TestExecutionListener class names from location [META-INF/spring.factories]: [org.springframework.boot.test.mock.mockito.MockitoTestExecutionListener, org.springframework.boot.test.mock.mockito.ResetMocksTestExecutionListener, org.springframework.boot.test.autoconfigure.restdocs.RestDocsTestExecutionListener, org.springframework.boot.test.autoconfigure.web.client.MockRestServiceServerResetTestExecutionListener, org.springframework.boot.test.autoconfigure.web.servlet.MockMvcPrintOnlyOnFailureTestExecutionListener, org.springframework.boot.test.autoconfigure.web.servlet.WebDriverTestExecutionListener, org.springframework.test.context.web.ServletTestExecutionListener, org.springframework.test.context.support.DirtiesContextBeforeModesTestExecutionListener, org.springframework.test.context.support.DependencyInjectionTestExecutionListener, org.springframework.test.context.support.DirtiesContextTestExecutionListener, org.springframework.test.context.transaction.TransactionalTestExecutionListener, org.springframework.test.context.jdbc.SqlScriptsTestExecutionListener]
[INFO ][2018-07-16 11:18:36,587][main][org.springframework.boot.test.context.SpringBootTestContextBootstrapper:177] Using TestExecutionListeners: [org.springframework.test.context.web.ServletTestExecutionListener@6f03482, org.springframework.test.context.support.DirtiesContextBeforeModesTestExecutionListener@9d5509a, org.springframework.boot.test.mock.mockito.MockitoTestExecutionListener@179ece50, org.springframework.boot.test.autoconfigure.SpringBootDependencyInjectionTestExecutionListener@3b0090a4, org.springframework.test.context.support.DirtiesContextTestExecutionListener@3cd3e762, org.springframework.test.context.transaction.TransactionalTestExecutionListener@1fa121e2, org.springframework.test.context.jdbc.SqlScriptsTestExecutionListener@7eac9008, org.springframework.boot.test.mock.mockito.ResetMocksTestExecutionListener@4116aac9, org.springframework.boot.test.autoconfigure.restdocs.RestDocsTestExecutionListener@62ddbd7e, org.springframework.boot.test.autoconfigure.web.client.MockRestServiceServerResetTestExecutionListener@74e52ef6, org.springframework.boot.test.autoconfigure.web.servlet.MockMvcPrintOnlyOnFailureTestExecutionListener@6ed3ccb2, org.springframework.boot.test.autoconfigure.web.servlet.WebDriverTestExecutionListener@1a677343]

  .   ____          _            __ _ _
 /\\ / ___'_ __ _ _(_)_ __  __ _ \ \ \ \
( ( )\___ | '_ | '_| | '_ \/ _` | \ \ \ \
 \\/  ___)| |_)| | | | | || (_| |  ) ) ) )
  '  |____| .__|_| |_|_| |_\__, | / / / /
 =========|_|==============|___/=/_/_/_/
 :: Spring Boot ::        (v2.0.2.RELEASE)

[INFO ][2018-07-16 11:18:37,892][main][com.yks.demo.DemoclientApplicationTests:50] Starting DemoclientApplicationTests on christina with PID 11448 (started by Administrator in E:\code\urcenter\source\democlient)
[INFO ][2018-07-16 11:18:37,892][main][com.yks.demo.DemoclientApplicationTests:663] The following profiles are active: local
[INFO ][2018-07-16 11:18:38,002][main][org.springframework.web.context.support.GenericWebApplicationContext:590] Refreshing org.springframework.web.context.support.GenericWebApplicationContext@21be3395: startup date [Mon Jul 16 11:18:37 CST 2018]; root of context hierarchy
[WARN ][2018-07-16 11:18:41,095][main][org.springframework.context.annotation.ConfigurationClassEnhancer:353] @Bean method MotanConfiguration.motanAnnotationBean is non-static and returns an object assignable to Spring's BeanFactoryPostProcessor interface. This will result in a failure to process annotations such as @Autowired, @Resource and @PostConstruct within the method's declaring @Configuration class. Add the 'static' modifier to this method to avoid these container lifecycle issues; see @Bean javadoc for complete details.
2018-07-16 11:18:41.116  INFO 11448 --- [           main] info                                     : AllSpiInitialization init.
2018-07-16 11:18:41.123  INFO 11448 --- [           main] info                                     : AllSpiInitialization init finish.
[INFO ][2018-07-16 11:18:41,739][ZkClient-EventThread-16-192.168.201.211:2181,192.168.201.212:2181,192.168.201.213:2181][org.I0Itec.zkclient.ZkEventThread:64] Starting ZkClient event thread.
2018-07-16 11:18:41.750  INFO 11448 --- [           main] org.apache.zookeeper.ZooKeeper           : Client environment:zookeeper.version=3.4.8--1, built on 02/06/2016 03:18 GMT
2018-07-16 11:18:41.750  INFO 11448 --- [           main] org.apache.zookeeper.ZooKeeper           : Client environment:host.name=christina.mogultech.com
2018-07-16 11:18:41.750  INFO 11448 --- [           main] org.apache.zookeeper.ZooKeeper           : Client environment:java.version=1.8.0_161
2018-07-16 11:18:41.750  INFO 11448 --- [           main] org.apache.zookeeper.ZooKeeper           : Client environment:java.vendor=Oracle Corporation
2018-07-16 11:18:41.750  INFO 11448 --- [           main] org.apache.zookeeper.ZooKeeper           : Client environment:java.home=C:\Program Files\Java\jdk1.8.0_161\jre
2018-07-16 11:18:41.750  INFO 11448 --- [           main] org.apache.zookeeper.ZooKeeper           : Client environment:java.class.path=E:\code\urcenter\source\democlient\target\test-classes;E:\code\urcenter\source\democlient\target\classes;E:\my_maven_repository\com\yks\common\validator\yks-common-validator\1.0.0\yks-common-validator-1.0.0.jar;E:\my_maven_repository\com\yks\config\file\center\yks-config-file-center\1.0.0\yks-config-file-center-1.0.0.jar;E:\my_maven_repository\org\apache\curator\curator-framework\2.9.1\curator-framework-2.9.1.jar;E:\my_maven_repository\org\apache\curator\curator-client\2.9.1\curator-client-2.9.1.jar;E:\my_maven_repository\org\apache\curator\curator-recipes\2.9.1\curator-recipes-2.9.1.jar;E:\my_maven_repository\commons-io\commons-io\2.4\commons-io-2.4.jar;E:\my_maven_repository\org\apache\ignite\ignite-core\2.2.0\ignite-core-2.2.0.jar;E:\my_maven_repository\javax\cache\cache-api\1.1.0\cache-api-1.1.0.jar;E:\my_maven_repository\org\jetbrains\annotations\13.0\annotations-13.0.jar;E:\my_maven_repository\org\gridgain\ignite-shmem\1.0.0\ignite-shmem-1.0.0.jar;E:\my_maven_repository\log4j\log4j\1.2.17\log4j-1.2.17.jar;E:\my_maven_repository\org\apache\commons\commons-digester3\3.2\commons-digester3-3.2.jar;E:\my_maven_repository\cglib\cglib\2.2.2\cglib-2.2.2.jar;E:\my_maven_repository\asm\asm\3.3.1\asm-3.3.1.jar;E:\my_maven_repository\commons-beanutils\commons-beanutils\1.8.3\commons-beanutils-1.8.3.jar;E:\my_maven_repository\commons-logging\commons-logging\1.1.1\commons-logging-1.1.1.jar;E:\my_maven_repository\org\apache\commons\commons-lang3\3.7\commons-lang3-3.7.jar;E:\code\urcenter\source\urc-bp-common\target\urc-bp-common-0.0.1-SNAPSHOT.jar;E:\code\urcenter\source\urc-bp-vo\target\urc-bp-vo-0.0.1-SNAPSHOT.jar;E:\code\urcenter\source\urc-service-vo\target\urc-service-vo-0.0.1-SNAPSHOT.jar;E:\my_maven_repository\org\aspectj\aspectjweaver\1.8.13\aspectjweaver-1.8.13.jar;E:\my_maven_repository\com\yks\eventbus\yks-eventbus\1.0.0\yks-eventbus-1.0.0.jar;E:\my_maven_repository\com\yks\common\yks-common\1.0.0\yks-common-1.0.0.jar;E:\my_maven_repository\rhino\js\1.7R2\js-1.7R2.jar;E:\my_maven_repository\org\drools\drools-core\6.4.0.Final\drools-core-6.4.0.Final.jar;E:\my_maven_repository\org\mvel\mvel2\2.2.8.Final\mvel2-2.2.8.Final.jar;E:\my_maven_repository\org\kie\kie-api\6.4.0.Final\kie-api-6.4.0.Final.jar;E:\my_maven_repository\org\kie\kie-internal\6.4.0.Final\kie-internal-6.4.0.Final.jar;E:\my_maven_repository\org\drools\drools-compiler\6.4.0.Final\drools-compiler-6.4.0.Final.jar;E:\my_maven_repository\org\antlr\antlr-runtime\3.5\antlr-runtime-3.5.jar;E:\my_maven_repository\org\eclipse\jdt\core\compiler\ecj\4.4.2\ecj-4.4.2.jar;E:\my_maven_repository\com\thoughtworks\xstream\xstream\1.4.7\xstream-1.4.7.jar;E:\my_maven_repository\xmlpull\xmlpull\1.1.3.1\xmlpull-1.1.3.1.jar;E:\my_maven_repository\xpp3\xpp3_min\1.1.4c\xpp3_min-1.1.4c.jar;E:\my_maven_repository\com\google\protobuf\protobuf-java\2.6.0\protobuf-java-2.6.0.jar;E:\my_maven_repository\com\yks\crud\yks-crud\1.0.0\yks-crud-1.0.0.jar;E:\my_maven_repository\commons-dbcp\commons-dbcp\1.3\commons-dbcp-1.3.jar;E:\my_maven_repository\com\fasterxml\jackson\core\jackson-databind\2.9.5\jackson-databind-2.9.5.jar;E:\my_maven_repository\com\fasterxml\jackson\core\jackson-annotations\2.9.0\jackson-annotations-2.9.0.jar;E:\my_maven_repository\com\fasterxml\jackson\core\jackson-core\2.9.5\jackson-core-2.9.5.jar;E:\my_maven_repository\com\yks\mq\yks-mq-client\1.0.0\yks-mq-client-1.0.0.jar;E:\my_maven_repository\org\apache\kafka\kafka-clients\1.0.1\kafka-clients-1.0.1.jar;E:\my_maven_repository\org\lz4\lz4-java\1.4\lz4-java-1.4.jar;E:\my_maven_repository\org\xerial\snappy\snappy-java\1.1.4\snappy-java-1.1.4.jar;E:\my_maven_repository\com\yks\distributed\cache\yks-distributed-cache\1.0.0\yks-distributed-cache-1.0.0.jar;E:\my_maven_repository\org\apache\ignite\ignite-spring\2.2.0\ignite-spring-2.2.0.jar;E:\my_maven_repository\org\apache\ignite\ignite-zookeeper\2.2.0\ignite-zookeeper-2.2.0.jar;E:\my_maven_repository\org\apache\curator\curator-x-discovery\2.9.1\curator-x-discovery-2.9.1.jar;E:\my_maven_repository\org\codehaus\jackson\jackson-core-asl\1.9.13\jackson-core-asl-1.9.13.jar;E:\my_maven_repository\org\codehaus\jackson\jackson-mapper-asl\1.9.13\jackson-mapper-asl-1.9.13.jar;E:\my_maven_repository\org\apache\ignite\ignite-web\2.2.0\ignite-web-2.2.0.jar;E:\my_maven_repository\org\apache\tomcat\tomcat-servlet-api\8.0.23\tomcat-servlet-api-8.0.23.jar;E:\my_maven_repository\org\apache\ignite\ignite-indexing\2.2.0\ignite-indexing-2.2.0.jar;E:\my_maven_repository\org\apache\lucene\lucene-core\5.5.2\lucene-core-5.5.2.jar;E:\my_maven_repository\org\apache\lucene\lucene-analyzers-common\5.5.2\lucene-analyzers-common-5.5.2.jar;E:\my_maven_repository\org\apache\lucene\lucene-queryparser\5.5.2\lucene-queryparser-5.5.2.jar;E:\my_maven_repository\org\apache\lucene\lucene-queries\5.5.2\lucene-queries-5.5.2.jar;E:\my_maven_repository\org\apache\lucene\lucene-sandbox\5.5.2\lucene-sandbox-5.5.2.jar;E:\my_maven_repository\redis\clients\jedis\2.9.0\jedis-2.9.0.jar;E:\my_maven_repository\org\apache\commons\commons-pool2\2.5.0\commons-pool2-2.5.0.jar;C:\Program Files\Java\jdk1.8.0_161\lib\tools.jar;E:\my_maven_repository\org\springframework\spring-core\5.0.6.RELEASE\spring-core-5.0.6.RELEASE.jar;E:\my_maven_repository\org\springframework\spring-jcl\5.0.6.RELEASE\spring-jcl-5.0.6.RELEASE.jar;E:\my_maven_repository\org\springframework\spring-beans\5.0.6.RELEASE\spring-beans-5.0.6.RELEASE.jar;E:\my_maven_repository\org\springframework\spring-context\5.0.6.RELEASE\spring-context-5.0.6.RELEASE.jar;E:\my_maven_repository\org\springframework\spring-aop\5.0.6.RELEASE\spring-aop-5.0.6.RELEASE.jar;E:\my_maven_repository\org\springframework\spring-expression\5.0.6.RELEASE\spring-expression-5.0.6.RELEASE.jar;E:\my_maven_repository\org\springframework\spring-jdbc\5.0.6.RELEASE\spring-jdbc-5.0.6.RELEASE.jar;E:\my_maven_repository\org\springframework\spring-tx\5.0.6.RELEASE\spring-tx-5.0.6.RELEASE.jar;E:\my_maven_repository\org\mybatis\mybatis\3.4.5\mybatis-3.4.5.jar;E:\my_maven_repository\org\mybatis\mybatis-spring\1.3.1\mybatis-spring-1.3.1.jar;E:\my_maven_repository\mysql\mysql-connector-java\5.1.46\mysql-connector-java-5.1.46.jar;E:\my_maven_repository\c3p0\c3p0\0.9.1.2\c3p0-0.9.1.2.jar;E:\my_maven_repository\org\apache\httpcomponents\httpclient\4.5.5\httpclient-4.5.5.jar;E:\my_maven_repository\org\apache\httpcomponents\httpcore\4.4.9\httpcore-4.4.9.jar;E:\my_maven_repository\com\alibaba\fastjson\1.2.6\fastjson-1.2.6.jar;E:\my_maven_repository\com\github\stuxuhai\jpinyin\1.1.8\jpinyin-1.1.8.jar;E:\code\urcenter\source\urc-service-api\target\urc-service-api-0.0.1-SNAPSHOT.jar;E:\my_maven_repository\com\h2database\h2\1.4.195\h2-1.4.195.jar;E:\my_maven_repository\org\springframework\boot\spring-boot-starter\2.0.2.RELEASE\spring-boot-starter-2.0.2.RELEASE.jar;E:\my_maven_repository\org\springframework\boot\spring-boot\2.0.2.RELEASE\spring-boot-2.0.2.RELEASE.jar;E:\my_maven_repository\org\springframework\boot\spring-boot-autoconfigure\2.0.2.RELEASE\spring-boot-autoconfigure-2.0.2.RELEASE.jar;E:\my_maven_repository\org\springframework\boot\spring-boot-starter-logging\2.0.2.RELEASE\spring-boot-starter-logging-2.0.2.RELEASE.jar;E:\my_maven_repository\ch\qos\logback\logback-classic\1.2.3\logback-classic-1.2.3.jar;E:\my_maven_repository\ch\qos\logback\logback-core\1.2.3\logback-core-1.2.3.jar;E:\my_maven_repository\org\apache\logging\log4j\log4j-to-slf4j\2.10.0\log4j-to-slf4j-2.10.0.jar;E:\my_maven_repository\org\apache\logging\log4j\log4j-api\2.10.0\log4j-api-2.10.0.jar;E:\my_maven_repository\org\slf4j\jul-to-slf4j\1.7.25\jul-to-slf4j-1.7.25.jar;E:\my_maven_repository\javax\annotation\javax.annotation-api\1.3.2\javax.annotation-api-1.3.2.jar;E:\my_maven_repository\org\yaml\snakeyaml\1.19\snakeyaml-1.19.jar;E:\my_maven_repository\org\springframework\boot\spring-boot-starter-web\2.0.2.RELEASE\spring-boot-starter-web-2.0.2.RELEASE.jar;E:\my_maven_repository\org\springframework\boot\spring-boot-starter-json\2.0.2.RELEASE\spring-boot-starter-json-2.0.2.RELEASE.jar;E:\my_maven_repository\com\fasterxml\jackson\datatype\jackson-datatype-jdk8\2.9.5\jackson-datatype-jdk8-2.9.5.jar;E:\my_maven_repository\com\fasterxml\jackson\datatype\jackson-datatype-jsr310\2.9.5\jackson-datatype-jsr310-2.9.5.jar;E:\my_maven_repository\com\fasterxml\jackson\module\jackson-module-parameter-names\2.9.5\jackson-module-parameter-names-2.9.5.jar;E:\my_maven_repository\org\springframework\boot\spring-boot-starter-tomcat\2.0.2.RELEASE\spring-boot-starter-tomcat-2.0.2.RELEASE.jar;E:\my_maven_repository\org\apache\tomcat\embed\tomcat-embed-core\8.5.31\tomcat-embed-core-8.5.31.jar;E:\my_maven_repository\org\apache\tomcat\embed\tomcat-embed-el\8.5.31\tomcat-embed-el-8.5.31.jar;E:\my_maven_repository\org\apache\tomcat\embed\tomcat-embed-websocket\8.5.31\tomcat-embed-websocket-8.5.31.jar;E:\my_maven_repository\org\hibernate\validator\hibernate-validator\6.0.9.Final\hibernate-validator-6.0.9.Final.jar;E:\my_maven_repository\javax\validation\validation-api\2.0.1.Final\validation-api-2.0.1.Final.jar;E:\my_maven_repository\org\jboss\logging\jboss-logging\3.3.2.Final\jboss-logging-3.3.2.Final.jar;E:\my_maven_repository\com\fasterxml\classmate\1.3.4\classmate-1.3.4.jar;E:\my_maven_repository\org\springframework\spring-web\5.0.6.RELEASE\spring-web-5.0.6.RELEASE.jar;E:\my_maven_repository\org\springframework\spring-webmvc\5.0.6.RELEASE\spring-webmvc-5.0.6.RELEASE.jar;E:\my_maven_repository\org\springframework\boot\spring-boot-starter-test\2.0.2.RELEASE\spring-boot-starter-test-2.0.2.RELEASE.jar;E:\my_maven_repository\org\springframework\boot\spring-boot-test\2.0.2.RELEASE\spring-boot-test-2.0.2.RELEASE.jar;E:\my_maven_repository\org\springframework\boot\spring-boot-test-autoconfigure\2.0.2.RELEASE\spring-boot-test-autoconfigure-2.0.2.RELEASE.jar;E:\my_maven_repository\com\jayway\jsonpath\json-path\2.4.0\json-path-2.4.0.jar;E:\my_maven_repository\net\minidev\json-smart\2.3\json-smart-2.3.jar;E:\my_maven_repository\net\minidev\accessors-smart\1.2\accessors-smart-1.2.jar;E:\my_maven_repository\org\ow2\asm\asm\5.0.4\asm-5.0.4.jar;E:\my_maven_repository\junit\junit\4.12\junit-4.12.jar;E:\my_maven_repository\org\assertj\assertj-core\3.9.1\assertj-core-3.9.1.jar;E:\my_maven_repository\org\mockito\mockito-core\2.15.0\mockito-core-2.15.0.jar;E:\my_maven_repository\net\bytebuddy\byte-buddy\1.7.11\byte-buddy-1.7.11.jar;E:\my_maven_repository\net\bytebuddy\byte-buddy-agent\1.7.11\byte-buddy-agent-1.7.11.jar;E:\my_maven_repository\org\objenesis\objenesis\2.6\objenesis-2.6.jar;E:\my_maven_repository\org\hamcrest\hamcrest-core\1.3\hamcrest-core-1.3.jar;E:\my_maven_repository\org\hamcrest\hamcrest-library\1.3\hamcrest-library-1.3.jar;E:\my_maven_repository\org\skyscreamer\jsonassert\1.5.0\jsonassert-1.5.0.jar;E:\my_maven_repository\com\vaadin\external\google\android-json\0.0.20131108.vaadin1\android-json-0.0.20131108.vaadin1.jar;E:\my_maven_repository\org\xmlunit\xmlunit-core\2.5.1\xmlunit-core-2.5.1.jar;E:\my_maven_repository\com\weibo\motan-core\1.1.1\motan-core-1.1.1.jar;E:\my_maven_repository\commons-pool\commons-pool\1.6\commons-pool-1.6.jar;E:\my_maven_repository\com\caucho\hessian\4.0.38\hessian-4.0.38.jar;E:\my_maven_repository\com\codahale\metrics\metrics-core\3.0.1\metrics-core-3.0.1.jar;E:\my_maven_repository\com\google\guava\guava\18.0\guava-18.0.jar;E:\my_maven_repository\com\squareup\javapoet\1.8.0\javapoet-1.8.0.jar;E:\my_maven_repository\org\slf4j\slf4j-api\1.7.25\slf4j-api-1.7.25.jar;E:\my_maven_repository\org\slf4j\slf4j-log4j12\1.7.25\slf4j-log4j12-1.7.25.jar;E:\my_maven_repository\commons-codec\commons-codec\1.11\commons-codec-1.11.jar;E:\my_maven_repository\com\weibo\motan-transport-netty\1.1.1\motan-transport-netty-1.1.1.jar;E:\my_maven_repository\org\jboss\netty\netty\3.2.5.Final\netty-3.2.5.Final.jar;E:\my_maven_repository\com\weibo\motan-springsupport\1.1.1\motan-springsupport-1.1.1.jar;E:\my_maven_repository\com\weibo\motan-registry-zookeeper\1.1.1\motan-registry-zookeeper-1.1.1.jar;E:\my_maven_repository\org\apache\zookeeper\zookeeper\3.4.8\zookeeper-3.4.8.jar;E:\my_maven_repository\jline\jline\0.9.94\jline-0.9.94.jar;E:\my_maven_repository\io\netty\netty\3.7.0.Final\netty-3.7.0.Final.jar;E:\my_maven_repository\com\101tec\zkclient\0.3\zkclient-0.3.jar;E:\my_maven_repository\org\springframework\spring-test\5.0.6.RELEASE\spring-test-5.0.6.RELEASE.jar;E:\my_maven_repository\org\springframework\boot\spring-boot-devtools\2.0.2.RELEASE\spring-boot-devtools-2.0.2.RELEASE.jar;
2018-07-16 11:18:41.751  INFO 11448 --- [           main] org.apache.zookeeper.ZooKeeper           : Client environment:java.library.path=C:\Program Files\Java\jdk1.8.0_161\jre\bin;C:\Windows\Sun\Java\bin;C:\Windows\system32;C:\Windows;C:\ProgramData\Oracle\Java\javapath;C:\Windows\system32;C:\Windows;C:\Windows\System32\Wbem;C:\Windows\System32\WindowsPowerShell\v1.0\;C:\Program Files\Java\jdk1.8.0_161\bin;D:\MongoDB\mongodb\bin;C:\Program Files\MySQL\MySQL Server 5.6\bin;D:\Anaconda;D:\Anaconda\Scripts;C:\apache-maven-3.2.5\bin;D:\Anaconda;D:\Anaconda\Library\mingw-w64\bin;D:\Anaconda\Library\usr\bin;D:\Anaconda\Library\bin;D:\Anaconda\Scripts;C:\Users\Administrator\AppData\Local\Microsoft\WindowsApps;C:\Users\Administrator\AppData\Local\GitHubDesktop\bin;.
2018-07-16 11:18:41.752  INFO 11448 --- [           main] org.apache.zookeeper.ZooKeeper           : Client environment:java.io.tmpdir=C:\Users\ADMINI~1\AppData\Local\Temp\
2018-07-16 11:18:41.752  INFO 11448 --- [           main] org.apache.zookeeper.ZooKeeper           : Client environment:java.compiler=<NA>
2018-07-16 11:18:41.752  INFO 11448 --- [           main] org.apache.zookeeper.ZooKeeper           : Client environment:os.name=Windows 10
2018-07-16 11:18:41.752  INFO 11448 --- [           main] org.apache.zookeeper.ZooKeeper           : Client environment:os.arch=amd64
2018-07-16 11:18:41.752  INFO 11448 --- [           main] org.apache.zookeeper.ZooKeeper           : Client environment:os.version=10.0
2018-07-16 11:18:41.752  INFO 11448 --- [           main] org.apache.zookeeper.ZooKeeper           : Client environment:user.name=Administrator
2018-07-16 11:18:41.752  INFO 11448 --- [           main] org.apache.zookeeper.ZooKeeper           : Client environment:user.home=C:\Users\Administrator
2018-07-16 11:18:41.752  INFO 11448 --- [           main] org.apache.zookeeper.ZooKeeper           : Client environment:user.dir=E:\code\urcenter\source\democlient
2018-07-16 11:18:41.754  INFO 11448 --- [           main] org.apache.zookeeper.ZooKeeper           : Initiating client connection, connectString=192.168.201.211:2181,192.168.201.212:2181,192.168.201.213:2181 sessionTimeout=60000 watcher=org.I0Itec.zkclient.ZkClient@4564e94b
2018-07-16 11:18:41.996  INFO 11448 --- [8.201.212:2181)] org.apache.zookeeper.ClientCnxn          : Opening socket connection to server 192.168.201.212/192.168.201.212:2181. Will not attempt to authenticate using SASL (unknown error)
2018-07-16 11:18:42.001  INFO 11448 --- [8.201.212:2181)] org.apache.zookeeper.ClientCnxn          : Socket connection established to 192.168.201.212/192.168.201.212:2181, initiating session
2018-07-16 11:18:42.015  INFO 11448 --- [8.201.212:2181)] org.apache.zookeeper.ClientCnxn          : Session establishment complete on server 192.168.201.212/192.168.201.212:2181, sessionid = 0x2645a04984706a7, negotiated timeout = 40000
[INFO ][2018-07-16 11:18:42,017][main-EventThread][org.I0Itec.zkclient.ZkClient:449] zookeeper state changed (SyncConnected)
2018-07-16 11:18:42.035  INFO 11448 --- [           main] info                                     : ShutdownHook is initialized
2018-07-16 11:18:42.036  INFO 11448 --- [           main] info                                     : add resource class com.weibo.api.motan.registry.support.FailbackRegistry$1 to list
2018-07-16 11:18:42.039  INFO 11448 --- [           main] info                                     : CommandFailbackRegistry init. url: zookeeper://192.168.201.211:2181/com.weibo.api.motan.registry.RegistryService?group=default_rpc
2018-07-16 11:18:42.042  INFO 11448 --- [           main] info                                     : add resource class com.weibo.api.motan.registry.zookeeper.ZookeeperRegistry to list
2018-07-16 11:18:42.062  INFO 11448 --- [           main] info                                     : [ZookeeperRegistry] Listener (com.weibo.api.motan.cluster.support.ClusterSupport@3a60c416) will subscribe to url (motan2://192.168.19.195:0/com.yks.urc.motan.service.api.IUrcService?group=urc-service-provider-group) in Registry [zookeeper://192.168.201.211:2181/default_rpc/com.weibo.api.motan.registry.RegistryService/1.0/service]
2018-07-16 11:18:42.064  INFO 11448 --- [           main] info                                     : CommandFailbackRegistry subscribe. url: motan2://192.168.19.195:0/com.yks.urc.motan.service.api.IUrcService?group=urc-service-provider-group
2018-07-16 11:18:42.067  INFO 11448 --- [           main] info                                     : CommandServiceManager init url:motan2://192.168.19.195:0/com.yks.urc.motan.service.api.IUrcService?singleton=true&haStrategy=failover&maxContentLength=1048576&module=urc-service-provider-module&maxClientConnection=65535&loadbalance=roundrobin&minClientConnection=2&check=true&nodeType=service&version=1.0&throwException=true&accessLog=true&serialization=simple&minWorkerThread=20&retries=0&protocol=motan2&isDefault=true&application=urc-service-provider&maxWorkerThread=65535&refreshTimestamp=1531711121691&id=basicRefererConfig&requestTimeout=10000&group=urc-service-provider-group&
2018-07-16 11:18:42.135  INFO 11448 --- [           main] info                                     : [ZookeeperRegistry] subscribe service: path=/motan/urc-service-provider-group/com.yks.urc.motan.service.api.IUrcService/server/192.168.19.195, info=motan2://192.168.19.195:0/com.yks.urc.motan.service.api.IUrcService?singleton=true&haStrategy=failover&maxContentLength=1048576&module=urc-service-provider-module&maxClientConnection=65535&loadbalance=roundrobin&minClientConnection=2&check=true&nodeType=service&version=1.0&throwException=true&accessLog=true&serialization=simple&minWorkerThread=20&retries=0&protocol=motan2&isDefault=true&application=urc-service-provider&maxWorkerThread=65535&refreshTimestamp=1531711121691&id=basicRefererConfig&requestTimeout=10000&group=urc-service-provider-group&
2018-07-16 11:18:42.143  INFO 11448 --- [           main] info                                     : [ZookeeperRegistry] subscribe command: path=/motan/urc-service-provider-group/command, info=motan2://192.168.19.195:0/com.yks.urc.motan.service.api.IUrcService?singleton=true&haStrategy=failover&maxContentLength=1048576&module=urc-service-provider-module&maxClientConnection=65535&loadbalance=roundrobin&minClientConnection=2&check=true&nodeType=service&version=1.0&throwException=true&accessLog=true&serialization=simple&minWorkerThread=20&retries=0&protocol=motan2&isDefault=true&application=urc-service-provider&maxWorkerThread=65535&refreshTimestamp=1531711121691&id=basicRefererConfig&requestTimeout=10000&group=urc-service-provider-group&
2018-07-16 11:18:42.143  INFO 11448 --- [           main] info                                     : CommandFailbackRegistry discover. url: motan2://192.168.19.195:0/com.yks.urc.motan.service.api.IUrcService?group=urc-service-provider-group
2018-07-16 11:18:42.149  INFO 11448 --- [           main] info                                     : CommandFailbackRegistry discover command. commandStr: , rpccommand is null.
2018-07-16 11:18:42.159  INFO 11448 --- [           main] info                                     : CommandFailbackRegistry discover size: 0
[WARN ][2018-07-16 11:18:42,163][main][org.springframework.web.context.support.GenericWebApplicationContext:558] Exception encountered during context initialization - cancelling refresh attempt: org.springframework.beans.factory.BeanCreationException: Error creating bean with name 'motanRoleController' defined in file [E:\code\urcenter\source\democlient\target\classes\com\yks\demo\controller\MotanRoleController.class]: Initialization of bean failed; nested exception is org.springframework.beans.factory.BeanInitializationException: Failed to init remote service reference at filed urcService in class com.yks.demo.controller.MotanRoleController; nested exception is com.weibo.api.motan.exception.MotanFrameworkException: error_message: ClusterSupport No service urls for the refer:motan2://192.168.19.195:0/urc-service-provider-group/com.yks.urc.motan.service.api.IUrcService/1.0/referer, registries:[zookeeper://192.168.201.211:2181/com.weibo.api.motan.registry.RegistryService?group=default_rpc], status: 404, error_code: 10101,r=null
[INFO ][2018-07-16 11:18:42,182][main][org.springframework.boot.autoconfigure.logging.ConditionEvaluationReportLoggingListener:101] 

Error starting ApplicationContext. To display the conditions report re-run your application with 'debug' enabled.
[ERROR][2018-07-16 11:18:42,188][main][org.springframework.boot.SpringApplication:842] Application run failed
org.springframework.beans.factory.BeanCreationException: Error creating bean with name 'motanRoleController' defined in file [E:\code\urcenter\source\democlient\target\classes\com\yks\demo\controller\MotanRoleController.class]: Initialization of bean failed; nested exception is org.springframework.beans.factory.BeanInitializationException: Failed to init remote service reference at filed urcService in class com.yks.demo.controller.MotanRoleController; nested exception is com.weibo.api.motan.exception.MotanFrameworkException: error_message: ClusterSupport No service urls for the refer:motan2://192.168.19.195:0/urc-service-provider-group/com.yks.urc.motan.service.api.IUrcService/1.0/referer, registries:[zookeeper://192.168.201.211:2181/com.weibo.api.motan.registry.RegistryService?group=default_rpc], status: 404, error_code: 10101,r=null
	at org.springframework.beans.factory.support.AbstractAutowireCapableBeanFactory.doCreateBean(AbstractAutowireCapableBeanFactory.java:587)
	at org.springframework.beans.factory.support.AbstractAutowireCapableBeanFactory.createBean(AbstractAutowireCapableBeanFactory.java:501)
	at org.springframework.beans.factory.support.AbstractBeanFactory.lambda$doGetBean$0(AbstractBeanFactory.java:317)
	at org.springframework.beans.factory.support.DefaultSingletonBeanRegistry.getSingleton(DefaultSingletonBeanRegistry.java:228)
	at org.springframework.beans.factory.support.AbstractBeanFactory.doGetBean(AbstractBeanFactory.java:315)
	at org.springframework.beans.factory.support.AbstractBeanFactory.getBean(AbstractBeanFactory.java:199)
	at org.springframework.beans.factory.support.DefaultListableBeanFactory.preInstantiateSingletons(DefaultListableBeanFactory.java:760)
	at org.springframework.context.support.AbstractApplicationContext.finishBeanFactoryInitialization(AbstractApplicationContext.java:869)
	at org.springframework.context.support.AbstractApplicationContext.refresh(AbstractApplicationContext.java:550)
	at org.springframework.boot.SpringApplication.refresh(SpringApplication.java:759)
	at org.springframework.boot.SpringApplication.refreshContext(SpringApplication.java:395)
	at org.springframework.boot.SpringApplication.run(SpringApplication.java:327)
	at org.springframework.boot.test.context.SpringBootContextLoader.loadContext(SpringBootContextLoader.java:139)
	at org.springframework.test.context.cache.DefaultCacheAwareContextLoaderDelegate.loadContextInternal(DefaultCacheAwareContextLoaderDelegate.java:99)
	at org.springframework.test.context.cache.DefaultCacheAwareContextLoaderDelegate.loadContext(DefaultCacheAwareContextLoaderDelegate.java:117)
	at org.springframework.test.context.support.DefaultTestContext.getApplicationContext(DefaultTestContext.java:108)
	at org.springframework.test.context.web.ServletTestExecutionListener.setUpRequestContextIfNecessary(ServletTestExecutionListener.java:190)
	at org.springframework.test.context.web.ServletTestExecutionListener.prepareTestInstance(ServletTestExecutionListener.java:132)
	at org.springframework.test.context.TestContextManager.prepareTestInstance(TestContextManager.java:246)
	at org.springframework.test.context.junit4.SpringJUnit4ClassRunner.createTest(SpringJUnit4ClassRunner.java:227)
	at org.springframework.test.context.junit4.SpringJUnit4ClassRunner$1.runReflectiveCall(SpringJUnit4ClassRunner.java:289)
	at org.junit.internal.runners.model.ReflectiveCallable.run(ReflectiveCallable.java:12)
	at org.springframework.test.context.junit4.SpringJUnit4ClassRunner.methodBlock(SpringJUnit4ClassRunner.java:291)
	at org.springframework.test.context.junit4.SpringJUnit4ClassRunner.runChild(SpringJUnit4ClassRunner.java:246)
	at org.springframework.test.context.junit4.SpringJUnit4ClassRunner.runChild(SpringJUnit4ClassRunner.java:97)
	at org.junit.runners.ParentRunner$3.run(ParentRunner.java:290)
	at org.junit.runners.ParentRunner$1.schedule(ParentRunner.java:71)
	at org.junit.runners.ParentRunner.runChildren(ParentRunner.java:288)
	at org.junit.runners.ParentRunner.access$000(ParentRunner.java:58)
	at org.junit.runners.ParentRunner$2.evaluate(ParentRunner.java:268)
	at org.springframework.test.context.junit4.statements.RunBeforeTestClassCallbacks.evaluate(RunBeforeTestClassCallbacks.java:61)
	at org.springframework.test.context.junit4.statements.RunAfterTestClassCallbacks.evaluate(RunAfterTestClassCallbacks.java:70)
	at org.junit.runners.ParentRunner.run(ParentRunner.java:363)
	at org.springframework.test.context.junit4.SpringJUnit4ClassRunner.run(SpringJUnit4ClassRunner.java:190)
	at org.apache.maven.surefire.junit4.JUnit4Provider.execute(JUnit4Provider.java:365)
	at org.apache.maven.surefire.junit4.JUnit4Provider.executeWithRerun(JUnit4Provider.java:273)
	at org.apache.maven.surefire.junit4.JUnit4Provider.executeTestSet(JUnit4Provider.java:238)
	at org.apache.maven.surefire.junit4.JUnit4Provider.invoke(JUnit4Provider.java:159)
	at org.apache.maven.surefire.booter.ForkedBooter.invokeProviderInSameClassLoader(ForkedBooter.java:379)
	at org.apache.maven.surefire.booter.ForkedBooter.runSuitesInProcess(ForkedBooter.java:340)
	at org.apache.maven.surefire.booter.ForkedBooter.execute(ForkedBooter.java:125)
	at org.apache.maven.surefire.booter.ForkedBooter.main(ForkedBooter.java:413)
Caused by: org.springframework.beans.factory.BeanInitializationException: Failed to init remote service reference at filed urcService in class com.yks.demo.controller.MotanRoleController; nested exception is com.weibo.api.motan.exception.MotanFrameworkException: error_message: ClusterSupport No service urls for the refer:motan2://192.168.19.195:0/urc-service-provider-group/com.yks.urc.motan.service.api.IUrcService/1.0/referer, registries:[zookeeper://192.168.201.211:2181/com.weibo.api.motan.registry.RegistryService?group=default_rpc], status: 404, error_code: 10101,r=null
	at com.weibo.api.motan.config.springsupport.AnnotationBean.postProcessBeforeInitialization(AnnotationBean.java:162)
	at org.springframework.beans.factory.support.AbstractAutowireCapableBeanFactory.applyBeanPostProcessorsBeforeInitialization(AbstractAutowireCapableBeanFactory.java:422)
	at org.springframework.beans.factory.support.AbstractAutowireCapableBeanFactory.initializeBean(AbstractAutowireCapableBeanFactory.java:1698)
	at org.springframework.beans.factory.support.AbstractAutowireCapableBeanFactory.doCreateBean(AbstractAutowireCapableBeanFactory.java:579)
	... 41 more
Caused by: com.weibo.api.motan.exception.MotanFrameworkException: error_message: ClusterSupport No service urls for the refer:motan2://192.168.19.195:0/urc-service-provider-group/com.yks.urc.motan.service.api.IUrcService/1.0/referer, registries:[zookeeper://192.168.201.211:2181/com.weibo.api.motan.registry.RegistryService?group=default_rpc], status: 404, error_code: 10101,r=null
	at com.weibo.api.motan.cluster.support.ClusterSupport.init(ClusterSupport.java:105)
	at com.weibo.api.motan.config.handler.SimpleConfigHandler.buildClusterSupport(SimpleConfigHandler.java:54)
	at com.weibo.api.motan.config.RefererConfig.createClusterSupport(RefererConfig.java:196)
	at com.weibo.api.motan.config.RefererConfig.initRef(RefererConfig.java:138)
	at com.weibo.api.motan.config.RefererConfig.getRef(RefererConfig.java:94)
	at com.weibo.api.motan.config.springsupport.AnnotationBean.refer(AnnotationBean.java:516)
	at com.weibo.api.motan.config.springsupport.AnnotationBean.postProcessBeforeInitialization(AnnotationBean.java:156)
	... 44 more
[ERROR][2018-07-16 11:18:42,203][main][org.springframework.test.context.TestContextManager:250] Caught exception while allowing TestExecutionListener [org.springframework.test.context.web.ServletTestExecutionListener@6f03482] to prepare test instance [com.yks.demo.DemoclientApplicationTests@45f24169]
java.lang.IllegalStateException: Failed to load ApplicationContext
	at org.springframework.test.context.cache.DefaultCacheAwareContextLoaderDelegate.loadContext(DefaultCacheAwareContextLoaderDelegate.java:125)
	at org.springframework.test.context.support.DefaultTestContext.getApplicationContext(DefaultTestContext.java:108)
	at org.springframework.test.context.web.ServletTestExecutionListener.setUpRequestContextIfNecessary(ServletTestExecutionListener.java:190)
	at org.springframework.test.context.web.ServletTestExecutionListener.prepareTestInstance(ServletTestExecutionListener.java:132)
	at org.springframework.test.context.TestContextManager.prepareTestInstance(TestContextManager.java:246)
	at org.springframework.test.context.junit4.SpringJUnit4ClassRunner.createTest(SpringJUnit4ClassRunner.java:227)
	at org.springframework.test.context.junit4.SpringJUnit4ClassRunner$1.runReflectiveCall(SpringJUnit4ClassRunner.java:289)
	at org.junit.internal.runners.model.ReflectiveCallable.run(ReflectiveCallable.java:12)
	at org.springframework.test.context.junit4.SpringJUnit4ClassRunner.methodBlock(SpringJUnit4ClassRunner.java:291)
	at org.springframework.test.context.junit4.SpringJUnit4ClassRunner.runChild(SpringJUnit4ClassRunner.java:246)
	at org.springframework.test.context.junit4.SpringJUnit4ClassRunner.runChild(SpringJUnit4ClassRunner.java:97)
	at org.junit.runners.ParentRunner$3.run(ParentRunner.java:290)
	at org.junit.runners.ParentRunner$1.schedule(ParentRunner.java:71)
	at org.junit.runners.ParentRunner.runChildren(ParentRunner.java:288)
	at org.junit.runners.ParentRunner.access$000(ParentRunner.java:58)
	at org.junit.runners.ParentRunner$2.evaluate(ParentRunner.java:268)
	at org.springframework.test.context.junit4.statements.RunBeforeTestClassCallbacks.evaluate(RunBeforeTestClassCallbacks.java:61)
	at org.springframework.test.context.junit4.statements.RunAfterTestClassCallbacks.evaluate(RunAfterTestClassCallbacks.java:70)
	at org.junit.runners.ParentRunner.run(ParentRunner.java:363)
	at org.springframework.test.context.junit4.SpringJUnit4ClassRunner.run(SpringJUnit4ClassRunner.java:190)
	at org.apache.maven.surefire.junit4.JUnit4Provider.execute(JUnit4Provider.java:365)
	at org.apache.maven.surefire.junit4.JUnit4Provider.executeWithRerun(JUnit4Provider.java:273)
	at org.apache.maven.surefire.junit4.JUnit4Provider.executeTestSet(JUnit4Provider.java:238)
	at org.apache.maven.surefire.junit4.JUnit4Provider.invoke(JUnit4Provider.java:159)
	at org.apache.maven.surefire.booter.ForkedBooter.invokeProviderInSameClassLoader(ForkedBooter.java:379)
	at org.apache.maven.surefire.booter.ForkedBooter.runSuitesInProcess(ForkedBooter.java:340)
	at org.apache.maven.surefire.booter.ForkedBooter.execute(ForkedBooter.java:125)
	at org.apache.maven.surefire.booter.ForkedBooter.main(ForkedBooter.java:413)
Caused by: org.springframework.beans.factory.BeanCreationException: Error creating bean with name 'motanRoleController' defined in file [E:\code\urcenter\source\democlient\target\classes\com\yks\demo\controller\MotanRoleController.class]: Initialization of bean failed; nested exception is org.springframework.beans.factory.BeanInitializationException: Failed to init remote service reference at filed urcService in class com.yks.demo.controller.MotanRoleController; nested exception is com.weibo.api.motan.exception.MotanFrameworkException: error_message: ClusterSupport No service urls for the refer:motan2://192.168.19.195:0/urc-service-provider-group/com.yks.urc.motan.service.api.IUrcService/1.0/referer, registries:[zookeeper://192.168.201.211:2181/com.weibo.api.motan.registry.RegistryService?group=default_rpc], status: 404, error_code: 10101,r=null
	at org.springframework.beans.factory.support.AbstractAutowireCapableBeanFactory.doCreateBean(AbstractAutowireCapableBeanFactory.java:587)
	at org.springframework.beans.factory.support.AbstractAutowireCapableBeanFactory.createBean(AbstractAutowireCapableBeanFactory.java:501)
	at org.springframework.beans.factory.support.AbstractBeanFactory.lambda$doGetBean$0(AbstractBeanFactory.java:317)
	at org.springframework.beans.factory.support.DefaultSingletonBeanRegistry.getSingleton(DefaultSingletonBeanRegistry.java:228)
	at org.springframework.beans.factory.support.AbstractBeanFactory.doGetBean(AbstractBeanFactory.java:315)
	at org.springframework.beans.factory.support.AbstractBeanFactory.getBean(AbstractBeanFactory.java:199)
	at org.springframework.beans.factory.support.DefaultListableBeanFactory.preInstantiateSingletons(DefaultListableBeanFactory.java:760)
	at org.springframework.context.support.AbstractApplicationContext.finishBeanFactoryInitialization(AbstractApplicationContext.java:869)
	at org.springframework.context.support.AbstractApplicationContext.refresh(AbstractApplicationContext.java:550)
	at org.springframework.boot.SpringApplication.refresh(SpringApplication.java:759)
	at org.springframework.boot.SpringApplication.refreshContext(SpringApplication.java:395)
	at org.springframework.boot.SpringApplication.run(SpringApplication.java:327)
	at org.springframework.boot.test.context.SpringBootContextLoader.loadContext(SpringBootContextLoader.java:139)
	at org.springframework.test.context.cache.DefaultCacheAwareContextLoaderDelegate.loadContextInternal(DefaultCacheAwareContextLoaderDelegate.java:99)
	at org.springframework.test.context.cache.DefaultCacheAwareContextLoaderDelegate.loadContext(DefaultCacheAwareContextLoaderDelegate.java:117)
	... 27 more
Caused by: org.springframework.beans.factory.BeanInitializationException: Failed to init remote service reference at filed urcService in class com.yks.demo.controller.MotanRoleController; nested exception is com.weibo.api.motan.exception.MotanFrameworkException: error_message: ClusterSupport No service urls for the refer:motan2://192.168.19.195:0/urc-service-provider-group/com.yks.urc.motan.service.api.IUrcService/1.0/referer, registries:[zookeeper://192.168.201.211:2181/com.weibo.api.motan.registry.RegistryService?group=default_rpc], status: 404, error_code: 10101,r=null
	at com.weibo.api.motan.config.springsupport.AnnotationBean.postProcessBeforeInitialization(AnnotationBean.java:162)
	at org.springframework.beans.factory.support.AbstractAutowireCapableBeanFactory.applyBeanPostProcessorsBeforeInitialization(AbstractAutowireCapableBeanFactory.java:422)
	at org.springframework.beans.factory.support.AbstractAutowireCapableBeanFactory.initializeBean(AbstractAutowireCapableBeanFactory.java:1698)
	at org.springframework.beans.factory.support.AbstractAutowireCapableBeanFactory.doCreateBean(AbstractAutowireCapableBeanFactory.java:579)
	... 41 more
Caused by: com.weibo.api.motan.exception.MotanFrameworkException: error_message: ClusterSupport No service urls for the refer:motan2://192.168.19.195:0/urc-service-provider-group/com.yks.urc.motan.service.api.IUrcService/1.0/referer, registries:[zookeeper://192.168.201.211:2181/com.weibo.api.motan.registry.RegistryService?group=default_rpc], status: 404, error_code: 10101,r=null
	at com.weibo.api.motan.cluster.support.ClusterSupport.init(ClusterSupport.java:105)
	at com.weibo.api.motan.config.handler.SimpleConfigHandler.buildClusterSupport(SimpleConfigHandler.java:54)
	at com.weibo.api.motan.config.RefererConfig.createClusterSupport(RefererConfig.java:196)
	at com.weibo.api.motan.config.RefererConfig.initRef(RefererConfig.java:138)
	at com.weibo.api.motan.config.RefererConfig.getRef(RefererConfig.java:94)
	at com.weibo.api.motan.config.springsupport.AnnotationBean.refer(AnnotationBean.java:516)
	at com.weibo.api.motan.config.springsupport.AnnotationBean.postProcessBeforeInitialization(AnnotationBean.java:156)
	... 44 more
]]></system-out>
    <system-err><![CDATA[SLF4J: Class path contains multiple SLF4J bindings.
SLF4J: Found binding in [jar:file:/E:/my_maven_repository/ch/qos/logback/logback-classic/1.2.3/logback-classic-1.2.3.jar!/org/slf4j/impl/StaticLoggerBinder.class]
SLF4J: Found binding in [jar:file:/E:/my_maven_repository/org/slf4j/slf4j-log4j12/1.7.25/slf4j-log4j12-1.7.25.jar!/org/slf4j/impl/StaticLoggerBinder.class]
SLF4J: See http://www.slf4j.org/codes.html#multiple_bindings for an explanation.
SLF4J: Actual binding is of type [ch.qos.logback.classic.util.ContextSelectorStaticBinder]
]]></system-err>
  </testcase>
</testsuite>