<?xml version="1.0" encoding="UTF-8"?>
<testsuite xmlns:xsi="http://www.w3.org/2001/XMLSchema-instance" xsi:noNamespaceSchemaLocation="https://maven.apache.org/surefire/maven-surefire-plugin/xsd/surefire-test-report.xsd" name="com.yks.demo.motan.service.MotanUserServiceTest" time="6.815" tests="8" errors="8" skipped="0" failures="0">
  <properties>
[...]
</properties>
  <testcase name="startMonitor_Test" classname="com.yks.demo.motan.service.MotanUserServiceTest" time="0">
    <error message="Failed to load ApplicationContext" type="java.lang.IllegalStateException">java.lang.IllegalStateException: Failed to load ApplicationContext
Caused by: org.springframework.beans.factory.BeanCreationException: Error creating bean with name 'motanRoleController' defined in file [E:\code\urcenter\source\democlient\target\classes\com\yks\demo\controller\MotanRoleController.class]: Initialization of bean failed; nested exception is org.springframework.beans.factory.BeanInitializationException: Failed to init remote service reference at filed urcService in class com.yks.demo.controller.MotanRoleController; nested exception is com.weibo.api.motan.exception.MotanFrameworkException: error_message: ClusterSupport No service urls for the refer:motan2://192.168.19.195:0/urc-service-provider-group/com.yks.urc.motan.service.api.IUrcService/1.0/referer, registries:[zookeeper://192.168.201.211:2181/com.weibo.api.motan.registry.RegistryService?group=default_rpc], status: 404, error_code: 10101,r=null
Caused by: org.springframework.beans.factory.BeanInitializationException: Failed to init remote service reference at filed urcService in class com.yks.demo.controller.MotanRoleController; nested exception is com.weibo.api.motan.exception.MotanFrameworkException: error_message: ClusterSupport No service urls for the refer:motan2://192.168.19.195:0/urc-service-provider-group/com.yks.urc.motan.service.api.IUrcService/1.0/referer, registries:[zookeeper://192.168.201.211:2181/com.weibo.api.motan.registry.RegistryService?group=default_rpc], status: 404, error_code: 10101,r=null
Caused by: com.weibo.api.motan.exception.MotanFrameworkException: error_message: ClusterSupport No service urls for the refer:motan2://192.168.19.195:0/urc-service-provider-group/com.yks.urc.motan.service.api.IUrcService/1.0/referer, registries:[zookeeper://192.168.201.211:2181/com.weibo.api.motan.registry.RegistryService?group=default_rpc], status: 404, error_code: 10101,r=null
</error>
    <system-out><![CDATA[[INFO ][2018-07-16 11:18:42,283][main][org.springframework.boot.test.context.SpringBootTestContextBootstrapper:308] Neither @ContextConfiguration nor @ContextHierarchy found for test class [com.yks.demo.motan.service.MotanUserServiceTest], using SpringBootContextLoader
[INFO ][2018-07-16 11:18:42,285][main][org.springframework.test.context.support.AbstractContextLoader:264] Could not detect default resource locations for test class [com.yks.demo.motan.service.MotanUserServiceTest]: no resource found for suffixes {-context.xml, Context.groovy}.
[INFO ][2018-07-16 11:18:42,308][main][org.springframework.boot.test.context.SpringBootTestContextBootstrapper:248] Loaded default TestExecutionListener class names from location [META-INF/spring.factories]: [org.springframework.boot.test.mock.mockito.MockitoTestExecutionListener, org.springframework.boot.test.mock.mockito.ResetMocksTestExecutionListener, org.springframework.boot.test.autoconfigure.restdocs.RestDocsTestExecutionListener, org.springframework.boot.test.autoconfigure.web.client.MockRestServiceServerResetTestExecutionListener, org.springframework.boot.test.autoconfigure.web.servlet.MockMvcPrintOnlyOnFailureTestExecutionListener, org.springframework.boot.test.autoconfigure.web.servlet.WebDriverTestExecutionListener, org.springframework.test.context.web.ServletTestExecutionListener, org.springframework.test.context.support.DirtiesContextBeforeModesTestExecutionListener, org.springframework.test.context.support.DependencyInjectionTestExecutionListener, org.springframework.test.context.support.DirtiesContextTestExecutionListener, org.springframework.test.context.transaction.TransactionalTestExecutionListener, org.springframework.test.context.jdbc.SqlScriptsTestExecutionListener]
[INFO ][2018-07-16 11:18:42,309][main][org.springframework.boot.test.context.SpringBootTestContextBootstrapper:177] Using TestExecutionListeners: [org.springframework.test.context.web.ServletTestExecutionListener@4a699efa, org.springframework.test.context.support.DirtiesContextBeforeModesTestExecutionListener@38499e48, org.springframework.boot.test.mock.mockito.MockitoTestExecutionListener@4905c46b, org.springframework.boot.test.autoconfigure.SpringBootDependencyInjectionTestExecutionListener@17ae7628, org.springframework.test.context.support.DirtiesContextTestExecutionListener@1136b469, org.springframework.test.context.transaction.TransactionalTestExecutionListener@6579c3d9, org.springframework.test.context.jdbc.SqlScriptsTestExecutionListener@2b87581, org.springframework.boot.test.mock.mockito.ResetMocksTestExecutionListener@66434cc8, org.springframework.boot.test.autoconfigure.restdocs.RestDocsTestExecutionListener@42f22995, org.springframework.boot.test.autoconfigure.web.client.MockRestServiceServerResetTestExecutionListener@693e4d19, org.springframework.boot.test.autoconfigure.web.servlet.MockMvcPrintOnlyOnFailureTestExecutionListener@286b39c2, org.springframework.boot.test.autoconfigure.web.servlet.WebDriverTestExecutionListener@5432050b]

  .   ____          _            __ _ _
 /\\ / ___'_ __ _ _(_)_ __  __ _ \ \ \ \
( ( )\___ | '_ | '_| | '_ \/ _` | \ \ \ \
 \\/  ___)| |_)| | | | | || (_| |  ) ) ) )
  '  |____| .__|_| |_|_| |_\__, | / / / /
 =========|_|==============|___/=/_/_/_/
 :: Spring Boot ::        (v2.0.2.RELEASE)

[INFO ][2018-07-16 11:18:42,491][main][com.yks.demo.motan.service.MotanUserServiceTest:50] Starting MotanUserServiceTest on christina with PID 11448 (started by Administrator in E:\code\urcenter\source\democlient)
[INFO ][2018-07-16 11:18:42,492][main][com.yks.demo.motan.service.MotanUserServiceTest:663] The following profiles are active: local
[INFO ][2018-07-16 11:18:42,504][main][org.springframework.web.context.support.GenericWebApplicationContext:590] Refreshing org.springframework.web.context.support.GenericWebApplicationContext@3e9803c2: startup date [Mon Jul 16 11:18:42 CST 2018]; root of context hierarchy
[WARN ][2018-07-16 11:18:42,890][main][org.springframework.context.annotation.ConfigurationClassEnhancer:353] @Bean method MotanConfiguration.motanAnnotationBean is non-static and returns an object assignable to Spring's BeanFactoryPostProcessor interface. This will result in a failure to process annotations such as @Autowired, @Resource and @PostConstruct within the method's declaring @Configuration class. Add the 'static' modifier to this method to avoid these container lifecycle issues; see @Bean javadoc for complete details.
2018-07-16 11:18:43.147  INFO 11448 --- [           main] info                                     : [ZookeeperRegistry] Listener (com.weibo.api.motan.cluster.support.ClusterSupport@15bc339) will subscribe to url (motan2://192.168.19.195:0/com.yks.urc.motan.service.api.IUrcService?group=urc-service-provider-group) in Registry [zookeeper://192.168.201.211:2181/default_rpc/com.weibo.api.motan.registry.RegistryService/1.0/service]
2018-07-16 11:18:43.148  INFO 11448 --- [           main] info                                     : CommandFailbackRegistry subscribe. url: motan2://192.168.19.195:0/com.yks.urc.motan.service.api.IUrcService?group=urc-service-provider-group
2018-07-16 11:18:43.148  INFO 11448 --- [           main] info                                     : CommandServiceManager init url:motan2://192.168.19.195:0/com.yks.urc.motan.service.api.IUrcService?singleton=true&haStrategy=failover&maxContentLength=1048576&module=urc-service-provider-module&maxClientConnection=65535&loadbalance=roundrobin&minClientConnection=2&check=true&nodeType=service&version=1.0&throwException=true&accessLog=true&serialization=simple&minWorkerThread=20&retries=0&protocol=motan2&isDefault=true&application=urc-service-provider&maxWorkerThread=65535&refreshTimestamp=1531711123145&id=basicRefererConfig&requestTimeout=10000&group=urc-service-provider-group&
2018-07-16 11:18:43.190  INFO 11448 --- [           main] info                                     : [ZookeeperRegistry] subscribe service: path=/motan/urc-service-provider-group/com.yks.urc.motan.service.api.IUrcService/server/192.168.19.195, info=motan2://192.168.19.195:0/com.yks.urc.motan.service.api.IUrcService?singleton=true&haStrategy=failover&maxContentLength=1048576&module=urc-service-provider-module&maxClientConnection=65535&loadbalance=roundrobin&minClientConnection=2&check=true&nodeType=service&version=1.0&throwException=true&accessLog=true&serialization=simple&minWorkerThread=20&retries=0&protocol=motan2&isDefault=true&application=urc-service-provider&maxWorkerThread=65535&refreshTimestamp=1531711123145&id=basicRefererConfig&requestTimeout=10000&group=urc-service-provider-group&
2018-07-16 11:18:43.196  INFO 11448 --- [           main] info                                     : [ZookeeperRegistry] subscribe command: path=/motan/urc-service-provider-group/command, info=motan2://192.168.19.195:0/com.yks.urc.motan.service.api.IUrcService?singleton=true&haStrategy=failover&maxContentLength=1048576&module=urc-service-provider-module&maxClientConnection=65535&loadbalance=roundrobin&minClientConnection=2&check=true&nodeType=service&version=1.0&throwException=true&accessLog=true&serialization=simple&minWorkerThread=20&retries=0&protocol=motan2&isDefault=true&application=urc-service-provider&maxWorkerThread=65535&refreshTimestamp=1531711123145&id=basicRefererConfig&requestTimeout=10000&group=urc-service-provider-group&
2018-07-16 11:18:43.196  INFO 11448 --- [           main] info                                     : CommandFailbackRegistry discover. url: motan2://192.168.19.195:0/com.yks.urc.motan.service.api.IUrcService?group=urc-service-provider-group
2018-07-16 11:18:43.203  INFO 11448 --- [           main] info                                     : CommandFailbackRegistry discover command. commandStr: , rpccommand is null.
2018-07-16 11:18:43.218  INFO 11448 --- [           main] info                                     : CommandFailbackRegistry discover size: 0
[WARN ][2018-07-16 11:18:43,219][main][org.springframework.web.context.support.GenericWebApplicationContext:558] Exception encountered during context initialization - cancelling refresh attempt: org.springframework.beans.factory.BeanCreationException: Error creating bean with name 'motanRoleController' defined in file [E:\code\urcenter\source\democlient\target\classes\com\yks\demo\controller\MotanRoleController.class]: Initialization of bean failed; nested exception is org.springframework.beans.factory.BeanInitializationException: Failed to init remote service reference at filed urcService in class com.yks.demo.controller.MotanRoleController; nested exception is com.weibo.api.motan.exception.MotanFrameworkException: error_message: ClusterSupport No service urls for the refer:motan2://192.168.19.195:0/urc-service-provider-group/com.yks.urc.motan.service.api.IUrcService/1.0/referer, registries:[zookeeper://192.168.201.211:2181/com.weibo.api.motan.registry.RegistryService?group=default_rpc], status: 404, error_code: 10101,r=null
[INFO ][2018-07-16 11:18:43,226][main][org.springframework.boot.autoconfigure.logging.ConditionEvaluationReportLoggingListener:101] 

Error starting ApplicationContext. To display the conditions report re-run your application with 'debug' enabled.
[ERROR][2018-07-16 11:18:43,228][main][org.springframework.boot.SpringApplication:842] Application run failed
org.springframework.beans.factory.BeanCreationException: Error creating bean with name 'motanRoleController' defined in file [E:\code\urcenter\source\democlient\target\classes\com\yks\demo\controller\MotanRoleController.class]: Initialization of bean failed; nested exception is org.springframework.beans.factory.BeanInitializationException: Failed to init remote service reference at filed urcService in class com.yks.demo.controller.MotanRoleController; nested exception is com.weibo.api.motan.exception.MotanFrameworkException: error_message: ClusterSupport No service urls for the refer:motan2://192.168.19.195:0/urc-service-provider-group/com.yks.urc.motan.service.api.IUrcService/1.0/referer, registries:[zookeeper://192.168.201.211:2181/com.weibo.api.motan.registry.RegistryService?group=default_rpc], status: 404, error_code: 10101,r=null
	at org.springframework.beans.factory.support.AbstractAutowireCapableBeanFactory.doCreateBean(AbstractAutowireCapableBeanFactory.java:587)
	at org.springframework.beans.factory.support.AbstractAutowireCapableBeanFactory.createBean(AbstractAutowireCapableBeanFactory.java:501)
	at org.springframework.beans.factory.support.AbstractBeanFactory.lambda$doGetBean$0(AbstractBeanFactory.java:317)
	at org.springframework.beans.factory.support.DefaultSingletonBeanRegistry.getSingleton(DefaultSingletonBeanRegistry.java:228)
	at org.springframework.beans.factory.support.AbstractBeanFactory.doGetBean(AbstractBeanFactory.java:315)
	at org.springframework.beans.factory.support.AbstractBeanFactory.getBean(AbstractBeanFactory.java:199)
	at org.springframework.beans.factory.support.DefaultListableBeanFactory.preInstantiateSingletons(DefaultListableBeanFactory.java:760)
	at org.springframework.context.support.AbstractApplicationContext.finishBeanFactoryInitialization(AbstractApplicationContext.java:869)
	at org.springframework.context.support.AbstractApplicationContext.refresh(AbstractApplicationContext.java:550)
	at org.springframework.boot.SpringApplication.refresh(SpringApplication.java:759)
	at org.springframework.boot.SpringApplication.refreshContext(SpringApplication.java:395)
	at org.springframework.boot.SpringApplication.run(SpringApplication.java:327)
	at org.springframework.boot.test.context.SpringBootContextLoader.loadContext(SpringBootContextLoader.java:139)
	at org.springframework.test.context.cache.DefaultCacheAwareContextLoaderDelegate.loadContextInternal(DefaultCacheAwareContextLoaderDelegate.java:99)
	at org.springframework.test.context.cache.DefaultCacheAwareContextLoaderDelegate.loadContext(DefaultCacheAwareContextLoaderDelegate.java:117)
	at org.springframework.test.context.support.DefaultTestContext.getApplicationContext(DefaultTestContext.java:108)
	at org.springframework.test.context.web.ServletTestExecutionListener.setUpRequestContextIfNecessary(ServletTestExecutionListener.java:190)
	at org.springframework.test.context.web.ServletTestExecutionListener.prepareTestInstance(ServletTestExecutionListener.java:132)
	at org.springframework.test.context.TestContextManager.prepareTestInstance(TestContextManager.java:246)
	at org.springframework.test.context.junit4.SpringJUnit4ClassRunner.createTest(SpringJUnit4ClassRunner.java:227)
	at org.springframework.test.context.junit4.SpringJUnit4ClassRunner$1.runReflectiveCall(SpringJUnit4ClassRunner.java:289)
	at org.junit.internal.runners.model.ReflectiveCallable.run(ReflectiveCallable.java:12)
	at org.springframework.test.context.junit4.SpringJUnit4ClassRunner.methodBlock(SpringJUnit4ClassRunner.java:291)
	at org.springframework.test.context.junit4.SpringJUnit4ClassRunner.runChild(SpringJUnit4ClassRunner.java:246)
	at org.springframework.test.context.junit4.SpringJUnit4ClassRunner.runChild(SpringJUnit4ClassRunner.java:97)
	at org.junit.runners.ParentRunner$3.run(ParentRunner.java:290)
	at org.junit.runners.ParentRunner$1.schedule(ParentRunner.java:71)
	at org.junit.runners.ParentRunner.runChildren(ParentRunner.java:288)
	at org.junit.runners.ParentRunner.access$000(ParentRunner.java:58)
	at org.junit.runners.ParentRunner$2.evaluate(ParentRunner.java:268)
	at org.springframework.test.context.junit4.statements.RunBeforeTestClassCallbacks.evaluate(RunBeforeTestClassCallbacks.java:61)
	at org.springframework.test.context.junit4.statements.RunAfterTestClassCallbacks.evaluate(RunAfterTestClassCallbacks.java:70)
	at org.junit.runners.ParentRunner.run(ParentRunner.java:363)
	at org.springframework.test.context.junit4.SpringJUnit4ClassRunner.run(SpringJUnit4ClassRunner.java:190)
	at org.apache.maven.surefire.junit4.JUnit4Provider.execute(JUnit4Provider.java:365)
	at org.apache.maven.surefire.junit4.JUnit4Provider.executeWithRerun(JUnit4Provider.java:273)
	at org.apache.maven.surefire.junit4.JUnit4Provider.executeTestSet(JUnit4Provider.java:238)
	at org.apache.maven.surefire.junit4.JUnit4Provider.invoke(JUnit4Provider.java:159)
	at org.apache.maven.surefire.booter.ForkedBooter.invokeProviderInSameClassLoader(ForkedBooter.java:379)
	at org.apache.maven.surefire.booter.ForkedBooter.runSuitesInProcess(ForkedBooter.java:340)
	at org.apache.maven.surefire.booter.ForkedBooter.execute(ForkedBooter.java:125)
	at org.apache.maven.surefire.booter.ForkedBooter.main(ForkedBooter.java:413)
Caused by: org.springframework.beans.factory.BeanInitializationException: Failed to init remote service reference at filed urcService in class com.yks.demo.controller.MotanRoleController; nested exception is com.weibo.api.motan.exception.MotanFrameworkException: error_message: ClusterSupport No service urls for the refer:motan2://192.168.19.195:0/urc-service-provider-group/com.yks.urc.motan.service.api.IUrcService/1.0/referer, registries:[zookeeper://192.168.201.211:2181/com.weibo.api.motan.registry.RegistryService?group=default_rpc], status: 404, error_code: 10101,r=null
	at com.weibo.api.motan.config.springsupport.AnnotationBean.postProcessBeforeInitialization(AnnotationBean.java:162)
	at org.springframework.beans.factory.support.AbstractAutowireCapableBeanFactory.applyBeanPostProcessorsBeforeInitialization(AbstractAutowireCapableBeanFactory.java:422)
	at org.springframework.beans.factory.support.AbstractAutowireCapableBeanFactory.initializeBean(AbstractAutowireCapableBeanFactory.java:1698)
	at org.springframework.beans.factory.support.AbstractAutowireCapableBeanFactory.doCreateBean(AbstractAutowireCapableBeanFactory.java:579)
	... 41 more
Caused by: com.weibo.api.motan.exception.MotanFrameworkException: error_message: ClusterSupport No service urls for the refer:motan2://192.168.19.195:0/urc-service-provider-group/com.yks.urc.motan.service.api.IUrcService/1.0/referer, registries:[zookeeper://192.168.201.211:2181/com.weibo.api.motan.registry.RegistryService?group=default_rpc], status: 404, error_code: 10101,r=null
	at com.weibo.api.motan.cluster.support.ClusterSupport.init(ClusterSupport.java:105)
	at com.weibo.api.motan.config.handler.SimpleConfigHandler.buildClusterSupport(SimpleConfigHandler.java:54)
	at com.weibo.api.motan.config.RefererConfig.createClusterSupport(RefererConfig.java:196)
	at com.weibo.api.motan.config.RefererConfig.initRef(RefererConfig.java:138)
	at com.weibo.api.motan.config.RefererConfig.getRef(RefererConfig.java:94)
	at com.weibo.api.motan.config.springsupport.AnnotationBean.refer(AnnotationBean.java:516)
	at com.weibo.api.motan.config.springsupport.AnnotationBean.postProcessBeforeInitialization(AnnotationBean.java:156)
	... 44 more
[ERROR][2018-07-16 11:18:43,231][main][org.springframework.test.context.TestContextManager:250] Caught exception while allowing TestExecutionListener [org.springframework.test.context.web.ServletTestExecutionListener@4a699efa] to prepare test instance [com.yks.demo.motan.service.MotanUserServiceTest@2301b75]
java.lang.IllegalStateException: Failed to load ApplicationContext
	at org.springframework.test.context.cache.DefaultCacheAwareContextLoaderDelegate.loadContext(DefaultCacheAwareContextLoaderDelegate.java:125)
	at org.springframework.test.context.support.DefaultTestContext.getApplicationContext(DefaultTestContext.java:108)
	at org.springframework.test.context.web.ServletTestExecutionListener.setUpRequestContextIfNecessary(ServletTestExecutionListener.java:190)
	at org.springframework.test.context.web.ServletTestExecutionListener.prepareTestInstance(ServletTestExecutionListener.java:132)
	at org.springframework.test.context.TestContextManager.prepareTestInstance(TestContextManager.java:246)
	at org.springframework.test.context.junit4.SpringJUnit4ClassRunner.createTest(SpringJUnit4ClassRunner.java:227)
	at org.springframework.test.context.junit4.SpringJUnit4ClassRunner$1.runReflectiveCall(SpringJUnit4ClassRunner.java:289)
	at org.junit.internal.runners.model.ReflectiveCallable.run(ReflectiveCallable.java:12)
	at org.springframework.test.context.junit4.SpringJUnit4ClassRunner.methodBlock(SpringJUnit4ClassRunner.java:291)
	at org.springframework.test.context.junit4.SpringJUnit4ClassRunner.runChild(SpringJUnit4ClassRunner.java:246)
	at org.springframework.test.context.junit4.SpringJUnit4ClassRunner.runChild(SpringJUnit4ClassRunner.java:97)
	at org.junit.runners.ParentRunner$3.run(ParentRunner.java:290)
	at org.junit.runners.ParentRunner$1.schedule(ParentRunner.java:71)
	at org.junit.runners.ParentRunner.runChildren(ParentRunner.java:288)
	at org.junit.runners.ParentRunner.access$000(ParentRunner.java:58)
	at org.junit.runners.ParentRunner$2.evaluate(ParentRunner.java:268)
	at org.springframework.test.context.junit4.statements.RunBeforeTestClassCallbacks.evaluate(RunBeforeTestClassCallbacks.java:61)
	at org.springframework.test.context.junit4.statements.RunAfterTestClassCallbacks.evaluate(RunAfterTestClassCallbacks.java:70)
	at org.junit.runners.ParentRunner.run(ParentRunner.java:363)
	at org.springframework.test.context.junit4.SpringJUnit4ClassRunner.run(SpringJUnit4ClassRunner.java:190)
	at org.apache.maven.surefire.junit4.JUnit4Provider.execute(JUnit4Provider.java:365)
	at org.apache.maven.surefire.junit4.JUnit4Provider.executeWithRerun(JUnit4Provider.java:273)
	at org.apache.maven.surefire.junit4.JUnit4Provider.executeTestSet(JUnit4Provider.java:238)
	at org.apache.maven.surefire.junit4.JUnit4Provider.invoke(JUnit4Provider.java:159)
	at org.apache.maven.surefire.booter.ForkedBooter.invokeProviderInSameClassLoader(ForkedBooter.java:379)
	at org.apache.maven.surefire.booter.ForkedBooter.runSuitesInProcess(ForkedBooter.java:340)
	at org.apache.maven.surefire.booter.ForkedBooter.execute(ForkedBooter.java:125)
	at org.apache.maven.surefire.booter.ForkedBooter.main(ForkedBooter.java:413)
Caused by: org.springframework.beans.factory.BeanCreationException: Error creating bean with name 'motanRoleController' defined in file [E:\code\urcenter\source\democlient\target\classes\com\yks\demo\controller\MotanRoleController.class]: Initialization of bean failed; nested exception is org.springframework.beans.factory.BeanInitializationException: Failed to init remote service reference at filed urcService in class com.yks.demo.controller.MotanRoleController; nested exception is com.weibo.api.motan.exception.MotanFrameworkException: error_message: ClusterSupport No service urls for the refer:motan2://192.168.19.195:0/urc-service-provider-group/com.yks.urc.motan.service.api.IUrcService/1.0/referer, registries:[zookeeper://192.168.201.211:2181/com.weibo.api.motan.registry.RegistryService?group=default_rpc], status: 404, error_code: 10101,r=null
	at org.springframework.beans.factory.support.AbstractAutowireCapableBeanFactory.doCreateBean(AbstractAutowireCapableBeanFactory.java:587)
	at org.springframework.beans.factory.support.AbstractAutowireCapableBeanFactory.createBean(AbstractAutowireCapableBeanFactory.java:501)
	at org.springframework.beans.factory.support.AbstractBeanFactory.lambda$doGetBean$0(AbstractBeanFactory.java:317)
	at org.springframework.beans.factory.support.DefaultSingletonBeanRegistry.getSingleton(DefaultSingletonBeanRegistry.java:228)
	at org.springframework.beans.factory.support.AbstractBeanFactory.doGetBean(AbstractBeanFactory.java:315)
	at org.springframework.beans.factory.support.AbstractBeanFactory.getBean(AbstractBeanFactory.java:199)
	at org.springframework.beans.factory.support.DefaultListableBeanFactory.preInstantiateSingletons(DefaultListableBeanFactory.java:760)
	at org.springframework.context.support.AbstractApplicationContext.finishBeanFactoryInitialization(AbstractApplicationContext.java:869)
	at org.springframework.context.support.AbstractApplicationContext.refresh(AbstractApplicationContext.java:550)
	at org.springframework.boot.SpringApplication.refresh(SpringApplication.java:759)
	at org.springframework.boot.SpringApplication.refreshContext(SpringApplication.java:395)
	at org.springframework.boot.SpringApplication.run(SpringApplication.java:327)
	at org.springframework.boot.test.context.SpringBootContextLoader.loadContext(SpringBootContextLoader.java:139)
	at org.springframework.test.context.cache.DefaultCacheAwareContextLoaderDelegate.loadContextInternal(DefaultCacheAwareContextLoaderDelegate.java:99)
	at org.springframework.test.context.cache.DefaultCacheAwareContextLoaderDelegate.loadContext(DefaultCacheAwareContextLoaderDelegate.java:117)
	... 27 more
Caused by: org.springframework.beans.factory.BeanInitializationException: Failed to init remote service reference at filed urcService in class com.yks.demo.controller.MotanRoleController; nested exception is com.weibo.api.motan.exception.MotanFrameworkException: error_message: ClusterSupport No service urls for the refer:motan2://192.168.19.195:0/urc-service-provider-group/com.yks.urc.motan.service.api.IUrcService/1.0/referer, registries:[zookeeper://192.168.201.211:2181/com.weibo.api.motan.registry.RegistryService?group=default_rpc], status: 404, error_code: 10101,r=null
	at com.weibo.api.motan.config.springsupport.AnnotationBean.postProcessBeforeInitialization(AnnotationBean.java:162)
	at org.springframework.beans.factory.support.AbstractAutowireCapableBeanFactory.applyBeanPostProcessorsBeforeInitialization(AbstractAutowireCapableBeanFactory.java:422)
	at org.springframework.beans.factory.support.AbstractAutowireCapableBeanFactory.initializeBean(AbstractAutowireCapableBeanFactory.java:1698)
	at org.springframework.beans.factory.support.AbstractAutowireCapableBeanFactory.doCreateBean(AbstractAutowireCapableBeanFactory.java:579)
	... 41 more
Caused by: com.weibo.api.motan.exception.MotanFrameworkException: error_message: ClusterSupport No service urls for the refer:motan2://192.168.19.195:0/urc-service-provider-group/com.yks.urc.motan.service.api.IUrcService/1.0/referer, registries:[zookeeper://192.168.201.211:2181/com.weibo.api.motan.registry.RegistryService?group=default_rpc], status: 404, error_code: 10101,r=null
	at com.weibo.api.motan.cluster.support.ClusterSupport.init(ClusterSupport.java:105)
	at com.weibo.api.motan.config.handler.SimpleConfigHandler.buildClusterSupport(SimpleConfigHandler.java:54)
	at com.weibo.api.motan.config.RefererConfig.createClusterSupport(RefererConfig.java:196)
	at com.weibo.api.motan.config.RefererConfig.initRef(RefererConfig.java:138)
	at com.weibo.api.motan.config.RefererConfig.getRef(RefererConfig.java:94)
	at com.weibo.api.motan.config.springsupport.AnnotationBean.refer(AnnotationBean.java:516)
	at com.weibo.api.motan.config.springsupport.AnnotationBean.postProcessBeforeInitialization(AnnotationBean.java:156)
	... 44 more
]]></system-out>
  </testcase>
  <testcase name="login_Test" classname="com.yks.demo.motan.service.MotanUserServiceTest" time="0">
    <error message="Failed to load ApplicationContext" type="java.lang.IllegalStateException">java.lang.IllegalStateException: Failed to load ApplicationContext
Caused by: org.springframework.beans.factory.BeanCreationException: Error creating bean with name 'motanRoleController' defined in file [E:\code\urcenter\source\democlient\target\classes\com\yks\demo\controller\MotanRoleController.class]: Initialization of bean failed; nested exception is org.springframework.beans.factory.BeanInitializationException: Failed to init remote service reference at filed urcService in class com.yks.demo.controller.MotanRoleController; nested exception is com.weibo.api.motan.exception.MotanFrameworkException: error_message: ClusterSupport No service urls for the refer:motan2://192.168.19.195:0/urc-service-provider-group/com.yks.urc.motan.service.api.IUrcService/1.0/referer, registries:[zookeeper://192.168.201.211:2181/com.weibo.api.motan.registry.RegistryService?group=default_rpc], status: 404, error_code: 10101,r=null
Caused by: org.springframework.beans.factory.BeanInitializationException: Failed to init remote service reference at filed urcService in class com.yks.demo.controller.MotanRoleController; nested exception is com.weibo.api.motan.exception.MotanFrameworkException: error_message: ClusterSupport No service urls for the refer:motan2://192.168.19.195:0/urc-service-provider-group/com.yks.urc.motan.service.api.IUrcService/1.0/referer, registries:[zookeeper://192.168.201.211:2181/com.weibo.api.motan.registry.RegistryService?group=default_rpc], status: 404, error_code: 10101,r=null
Caused by: com.weibo.api.motan.exception.MotanFrameworkException: error_message: ClusterSupport No service urls for the refer:motan2://192.168.19.195:0/urc-service-provider-group/com.yks.urc.motan.service.api.IUrcService/1.0/referer, registries:[zookeeper://192.168.201.211:2181/com.weibo.api.motan.registry.RegistryService?group=default_rpc], status: 404, error_code: 10101,r=null
</error>
    <system-out><![CDATA[
  .   ____          _            __ _ _
 /\\ / ___'_ __ _ _(_)_ __  __ _ \ \ \ \
( ( )\___ | '_ | '_| | '_ \/ _` | \ \ \ \
 \\/  ___)| |_)| | | | | || (_| |  ) ) ) )
  '  |____| .__|_| |_|_| |_\__, | / / / /
 =========|_|==============|___/=/_/_/_/
 :: Spring Boot ::        (v2.0.2.RELEASE)

[INFO ][2018-07-16 11:18:43,323][main][com.yks.demo.motan.service.MotanUserServiceTest:50] Starting MotanUserServiceTest on christina with PID 11448 (started by Administrator in E:\code\urcenter\source\democlient)
[INFO ][2018-07-16 11:18:43,323][main][com.yks.demo.motan.service.MotanUserServiceTest:663] The following profiles are active: local
[INFO ][2018-07-16 11:18:43,335][main][org.springframework.web.context.support.GenericWebApplicationContext:590] Refreshing org.springframework.web.context.support.GenericWebApplicationContext@3051e0b2: startup date [Mon Jul 16 11:18:43 CST 2018]; root of context hierarchy
[WARN ][2018-07-16 11:18:44,023][main][org.springframework.context.annotation.ConfigurationClassEnhancer:353] @Bean method MotanConfiguration.motanAnnotationBean is non-static and returns an object assignable to Spring's BeanFactoryPostProcessor interface. This will result in a failure to process annotations such as @Autowired, @Resource and @PostConstruct within the method's declaring @Configuration class. Add the 'static' modifier to this method to avoid these container lifecycle issues; see @Bean javadoc for complete details.
2018-07-16 11:18:44.369  INFO 11448 --- [           main] info                                     : [ZookeeperRegistry] Listener (com.weibo.api.motan.cluster.support.ClusterSupport@d74bac4) will subscribe to url (motan2://192.168.19.195:0/com.yks.urc.motan.service.api.IUrcService?group=urc-service-provider-group) in Registry [zookeeper://192.168.201.211:2181/default_rpc/com.weibo.api.motan.registry.RegistryService/1.0/service]
2018-07-16 11:18:44.369  INFO 11448 --- [           main] info                                     : CommandFailbackRegistry subscribe. url: motan2://192.168.19.195:0/com.yks.urc.motan.service.api.IUrcService?group=urc-service-provider-group
2018-07-16 11:18:44.369  INFO 11448 --- [           main] info                                     : CommandServiceManager init url:motan2://192.168.19.195:0/com.yks.urc.motan.service.api.IUrcService?singleton=true&haStrategy=failover&maxContentLength=1048576&module=urc-service-provider-module&maxClientConnection=65535&loadbalance=roundrobin&minClientConnection=2&check=true&nodeType=service&version=1.0&throwException=true&accessLog=true&serialization=simple&minWorkerThread=20&retries=0&protocol=motan2&isDefault=true&application=urc-service-provider&maxWorkerThread=65535&refreshTimestamp=1531711124367&id=basicRefererConfig&requestTimeout=10000&group=urc-service-provider-group&
2018-07-16 11:18:44.406  INFO 11448 --- [           main] info                                     : [ZookeeperRegistry] subscribe service: path=/motan/urc-service-provider-group/com.yks.urc.motan.service.api.IUrcService/server/192.168.19.195, info=motan2://192.168.19.195:0/com.yks.urc.motan.service.api.IUrcService?singleton=true&haStrategy=failover&maxContentLength=1048576&module=urc-service-provider-module&maxClientConnection=65535&loadbalance=roundrobin&minClientConnection=2&check=true&nodeType=service&version=1.0&throwException=true&accessLog=true&serialization=simple&minWorkerThread=20&retries=0&protocol=motan2&isDefault=true&application=urc-service-provider&maxWorkerThread=65535&refreshTimestamp=1531711124367&id=basicRefererConfig&requestTimeout=10000&group=urc-service-provider-group&
2018-07-16 11:18:44.412  INFO 11448 --- [           main] info                                     : [ZookeeperRegistry] subscribe command: path=/motan/urc-service-provider-group/command, info=motan2://192.168.19.195:0/com.yks.urc.motan.service.api.IUrcService?singleton=true&haStrategy=failover&maxContentLength=1048576&module=urc-service-provider-module&maxClientConnection=65535&loadbalance=roundrobin&minClientConnection=2&check=true&nodeType=service&version=1.0&throwException=true&accessLog=true&serialization=simple&minWorkerThread=20&retries=0&protocol=motan2&isDefault=true&application=urc-service-provider&maxWorkerThread=65535&refreshTimestamp=1531711124367&id=basicRefererConfig&requestTimeout=10000&group=urc-service-provider-group&
2018-07-16 11:18:44.412  INFO 11448 --- [           main] info                                     : CommandFailbackRegistry discover. url: motan2://192.168.19.195:0/com.yks.urc.motan.service.api.IUrcService?group=urc-service-provider-group
2018-07-16 11:18:44.420  INFO 11448 --- [           main] info                                     : CommandFailbackRegistry discover command. commandStr: , rpccommand is null.
2018-07-16 11:18:44.432  INFO 11448 --- [           main] info                                     : CommandFailbackRegistry discover size: 0
[WARN ][2018-07-16 11:18:44,432][main][org.springframework.web.context.support.GenericWebApplicationContext:558] Exception encountered during context initialization - cancelling refresh attempt: org.springframework.beans.factory.BeanCreationException: Error creating bean with name 'motanRoleController' defined in file [E:\code\urcenter\source\democlient\target\classes\com\yks\demo\controller\MotanRoleController.class]: Initialization of bean failed; nested exception is org.springframework.beans.factory.BeanInitializationException: Failed to init remote service reference at filed urcService in class com.yks.demo.controller.MotanRoleController; nested exception is com.weibo.api.motan.exception.MotanFrameworkException: error_message: ClusterSupport No service urls for the refer:motan2://192.168.19.195:0/urc-service-provider-group/com.yks.urc.motan.service.api.IUrcService/1.0/referer, registries:[zookeeper://192.168.201.211:2181/com.weibo.api.motan.registry.RegistryService?group=default_rpc], status: 404, error_code: 10101,r=null
[INFO ][2018-07-16 11:18:44,437][main][org.springframework.boot.autoconfigure.logging.ConditionEvaluationReportLoggingListener:101] 

Error starting ApplicationContext. To display the conditions report re-run your application with 'debug' enabled.
[ERROR][2018-07-16 11:18:44,438][main][org.springframework.boot.SpringApplication:842] Application run failed
org.springframework.beans.factory.BeanCreationException: Error creating bean with name 'motanRoleController' defined in file [E:\code\urcenter\source\democlient\target\classes\com\yks\demo\controller\MotanRoleController.class]: Initialization of bean failed; nested exception is org.springframework.beans.factory.BeanInitializationException: Failed to init remote service reference at filed urcService in class com.yks.demo.controller.MotanRoleController; nested exception is com.weibo.api.motan.exception.MotanFrameworkException: error_message: ClusterSupport No service urls for the refer:motan2://192.168.19.195:0/urc-service-provider-group/com.yks.urc.motan.service.api.IUrcService/1.0/referer, registries:[zookeeper://192.168.201.211:2181/com.weibo.api.motan.registry.RegistryService?group=default_rpc], status: 404, error_code: 10101,r=null
	at org.springframework.beans.factory.support.AbstractAutowireCapableBeanFactory.doCreateBean(AbstractAutowireCapableBeanFactory.java:587)
	at org.springframework.beans.factory.support.AbstractAutowireCapableBeanFactory.createBean(AbstractAutowireCapableBeanFactory.java:501)
	at org.springframework.beans.factory.support.AbstractBeanFactory.lambda$doGetBean$0(AbstractBeanFactory.java:317)
	at org.springframework.beans.factory.support.DefaultSingletonBeanRegistry.getSingleton(DefaultSingletonBeanRegistry.java:228)
	at org.springframework.beans.factory.support.AbstractBeanFactory.doGetBean(AbstractBeanFactory.java:315)
	at org.springframework.beans.factory.support.AbstractBeanFactory.getBean(AbstractBeanFactory.java:199)
	at org.springframework.beans.factory.support.DefaultListableBeanFactory.preInstantiateSingletons(DefaultListableBeanFactory.java:760)
	at org.springframework.context.support.AbstractApplicationContext.finishBeanFactoryInitialization(AbstractApplicationContext.java:869)
	at org.springframework.context.support.AbstractApplicationContext.refresh(AbstractApplicationContext.java:550)
	at org.springframework.boot.SpringApplication.refresh(SpringApplication.java:759)
	at org.springframework.boot.SpringApplication.refreshContext(SpringApplication.java:395)
	at org.springframework.boot.SpringApplication.run(SpringApplication.java:327)
	at org.springframework.boot.test.context.SpringBootContextLoader.loadContext(SpringBootContextLoader.java:139)
	at org.springframework.test.context.cache.DefaultCacheAwareContextLoaderDelegate.loadContextInternal(DefaultCacheAwareContextLoaderDelegate.java:99)
	at org.springframework.test.context.cache.DefaultCacheAwareContextLoaderDelegate.loadContext(DefaultCacheAwareContextLoaderDelegate.java:117)
	at org.springframework.test.context.support.DefaultTestContext.getApplicationContext(DefaultTestContext.java:108)
	at org.springframework.test.context.web.ServletTestExecutionListener.setUpRequestContextIfNecessary(ServletTestExecutionListener.java:190)
	at org.springframework.test.context.web.ServletTestExecutionListener.prepareTestInstance(ServletTestExecutionListener.java:132)
	at org.springframework.test.context.TestContextManager.prepareTestInstance(TestContextManager.java:246)
	at org.springframework.test.context.junit4.SpringJUnit4ClassRunner.createTest(SpringJUnit4ClassRunner.java:227)
	at org.springframework.test.context.junit4.SpringJUnit4ClassRunner$1.runReflectiveCall(SpringJUnit4ClassRunner.java:289)
	at org.junit.internal.runners.model.ReflectiveCallable.run(ReflectiveCallable.java:12)
	at org.springframework.test.context.junit4.SpringJUnit4ClassRunner.methodBlock(SpringJUnit4ClassRunner.java:291)
	at org.springframework.test.context.junit4.SpringJUnit4ClassRunner.runChild(SpringJUnit4ClassRunner.java:246)
	at org.springframework.test.context.junit4.SpringJUnit4ClassRunner.runChild(SpringJUnit4ClassRunner.java:97)
	at org.junit.runners.ParentRunner$3.run(ParentRunner.java:290)
	at org.junit.runners.ParentRunner$1.schedule(ParentRunner.java:71)
	at org.junit.runners.ParentRunner.runChildren(ParentRunner.java:288)
	at org.junit.runners.ParentRunner.access$000(ParentRunner.java:58)
	at org.junit.runners.ParentRunner$2.evaluate(ParentRunner.java:268)
	at org.springframework.test.context.junit4.statements.RunBeforeTestClassCallbacks.evaluate(RunBeforeTestClassCallbacks.java:61)
	at org.springframework.test.context.junit4.statements.RunAfterTestClassCallbacks.evaluate(RunAfterTestClassCallbacks.java:70)
	at org.junit.runners.ParentRunner.run(ParentRunner.java:363)
	at org.springframework.test.context.junit4.SpringJUnit4ClassRunner.run(SpringJUnit4ClassRunner.java:190)
	at org.apache.maven.surefire.junit4.JUnit4Provider.execute(JUnit4Provider.java:365)
	at org.apache.maven.surefire.junit4.JUnit4Provider.executeWithRerun(JUnit4Provider.java:273)
	at org.apache.maven.surefire.junit4.JUnit4Provider.executeTestSet(JUnit4Provider.java:238)
	at org.apache.maven.surefire.junit4.JUnit4Provider.invoke(JUnit4Provider.java:159)
	at org.apache.maven.surefire.booter.ForkedBooter.invokeProviderInSameClassLoader(ForkedBooter.java:379)
	at org.apache.maven.surefire.booter.ForkedBooter.runSuitesInProcess(ForkedBooter.java:340)
	at org.apache.maven.surefire.booter.ForkedBooter.execute(ForkedBooter.java:125)
	at org.apache.maven.surefire.booter.ForkedBooter.main(ForkedBooter.java:413)
Caused by: org.springframework.beans.factory.BeanInitializationException: Failed to init remote service reference at filed urcService in class com.yks.demo.controller.MotanRoleController; nested exception is com.weibo.api.motan.exception.MotanFrameworkException: error_message: ClusterSupport No service urls for the refer:motan2://192.168.19.195:0/urc-service-provider-group/com.yks.urc.motan.service.api.IUrcService/1.0/referer, registries:[zookeeper://192.168.201.211:2181/com.weibo.api.motan.registry.RegistryService?group=default_rpc], status: 404, error_code: 10101,r=null
	at com.weibo.api.motan.config.springsupport.AnnotationBean.postProcessBeforeInitialization(AnnotationBean.java:162)
	at org.springframework.beans.factory.support.AbstractAutowireCapableBeanFactory.applyBeanPostProcessorsBeforeInitialization(AbstractAutowireCapableBeanFactory.java:422)
	at org.springframework.beans.factory.support.AbstractAutowireCapableBeanFactory.initializeBean(AbstractAutowireCapableBeanFactory.java:1698)
	at org.springframework.beans.factory.support.AbstractAutowireCapableBeanFactory.doCreateBean(AbstractAutowireCapableBeanFactory.java:579)
	... 41 more
Caused by: com.weibo.api.motan.exception.MotanFrameworkException: error_message: ClusterSupport No service urls for the refer:motan2://192.168.19.195:0/urc-service-provider-group/com.yks.urc.motan.service.api.IUrcService/1.0/referer, registries:[zookeeper://192.168.201.211:2181/com.weibo.api.motan.registry.RegistryService?group=default_rpc], status: 404, error_code: 10101,r=null
	at com.weibo.api.motan.cluster.support.ClusterSupport.init(ClusterSupport.java:105)
	at com.weibo.api.motan.config.handler.SimpleConfigHandler.buildClusterSupport(SimpleConfigHandler.java:54)
	at com.weibo.api.motan.config.RefererConfig.createClusterSupport(RefererConfig.java:196)
	at com.weibo.api.motan.config.RefererConfig.initRef(RefererConfig.java:138)
	at com.weibo.api.motan.config.RefererConfig.getRef(RefererConfig.java:94)
	at com.weibo.api.motan.config.springsupport.AnnotationBean.refer(AnnotationBean.java:516)
	at com.weibo.api.motan.config.springsupport.AnnotationBean.postProcessBeforeInitialization(AnnotationBean.java:156)
	... 44 more
[ERROR][2018-07-16 11:18:44,442][main][org.springframework.test.context.TestContextManager:250] Caught exception while allowing TestExecutionListener [org.springframework.test.context.web.ServletTestExecutionListener@4a699efa] to prepare test instance [com.yks.demo.motan.service.MotanUserServiceTest@2c768ada]
java.lang.IllegalStateException: Failed to load ApplicationContext
	at org.springframework.test.context.cache.DefaultCacheAwareContextLoaderDelegate.loadContext(DefaultCacheAwareContextLoaderDelegate.java:125)
	at org.springframework.test.context.support.DefaultTestContext.getApplicationContext(DefaultTestContext.java:108)
	at org.springframework.test.context.web.ServletTestExecutionListener.setUpRequestContextIfNecessary(ServletTestExecutionListener.java:190)
	at org.springframework.test.context.web.ServletTestExecutionListener.prepareTestInstance(ServletTestExecutionListener.java:132)
	at org.springframework.test.context.TestContextManager.prepareTestInstance(TestContextManager.java:246)
	at org.springframework.test.context.junit4.SpringJUnit4ClassRunner.createTest(SpringJUnit4ClassRunner.java:227)
	at org.springframework.test.context.junit4.SpringJUnit4ClassRunner$1.runReflectiveCall(SpringJUnit4ClassRunner.java:289)
	at org.junit.internal.runners.model.ReflectiveCallable.run(ReflectiveCallable.java:12)
	at org.springframework.test.context.junit4.SpringJUnit4ClassRunner.methodBlock(SpringJUnit4ClassRunner.java:291)
	at org.springframework.test.context.junit4.SpringJUnit4ClassRunner.runChild(SpringJUnit4ClassRunner.java:246)
	at org.springframework.test.context.junit4.SpringJUnit4ClassRunner.runChild(SpringJUnit4ClassRunner.java:97)
	at org.junit.runners.ParentRunner$3.run(ParentRunner.java:290)
	at org.junit.runners.ParentRunner$1.schedule(ParentRunner.java:71)
	at org.junit.runners.ParentRunner.runChildren(ParentRunner.java:288)
	at org.junit.runners.ParentRunner.access$000(ParentRunner.java:58)
	at org.junit.runners.ParentRunner$2.evaluate(ParentRunner.java:268)
	at org.springframework.test.context.junit4.statements.RunBeforeTestClassCallbacks.evaluate(RunBeforeTestClassCallbacks.java:61)
	at org.springframework.test.context.junit4.statements.RunAfterTestClassCallbacks.evaluate(RunAfterTestClassCallbacks.java:70)
	at org.junit.runners.ParentRunner.run(ParentRunner.java:363)
	at org.springframework.test.context.junit4.SpringJUnit4ClassRunner.run(SpringJUnit4ClassRunner.java:190)
	at org.apache.maven.surefire.junit4.JUnit4Provider.execute(JUnit4Provider.java:365)
	at org.apache.maven.surefire.junit4.JUnit4Provider.executeWithRerun(JUnit4Provider.java:273)
	at org.apache.maven.surefire.junit4.JUnit4Provider.executeTestSet(JUnit4Provider.java:238)
	at org.apache.maven.surefire.junit4.JUnit4Provider.invoke(JUnit4Provider.java:159)
	at org.apache.maven.surefire.booter.ForkedBooter.invokeProviderInSameClassLoader(ForkedBooter.java:379)
	at org.apache.maven.surefire.booter.ForkedBooter.runSuitesInProcess(ForkedBooter.java:340)
	at org.apache.maven.surefire.booter.ForkedBooter.execute(ForkedBooter.java:125)
	at org.apache.maven.surefire.booter.ForkedBooter.main(ForkedBooter.java:413)
Caused by: org.springframework.beans.factory.BeanCreationException: Error creating bean with name 'motanRoleController' defined in file [E:\code\urcenter\source\democlient\target\classes\com\yks\demo\controller\MotanRoleController.class]: Initialization of bean failed; nested exception is org.springframework.beans.factory.BeanInitializationException: Failed to init remote service reference at filed urcService in class com.yks.demo.controller.MotanRoleController; nested exception is com.weibo.api.motan.exception.MotanFrameworkException: error_message: ClusterSupport No service urls for the refer:motan2://192.168.19.195:0/urc-service-provider-group/com.yks.urc.motan.service.api.IUrcService/1.0/referer, registries:[zookeeper://192.168.201.211:2181/com.weibo.api.motan.registry.RegistryService?group=default_rpc], status: 404, error_code: 10101,r=null
	at org.springframework.beans.factory.support.AbstractAutowireCapableBeanFactory.doCreateBean(AbstractAutowireCapableBeanFactory.java:587)
	at org.springframework.beans.factory.support.AbstractAutowireCapableBeanFactory.createBean(AbstractAutowireCapableBeanFactory.java:501)
	at org.springframework.beans.factory.support.AbstractBeanFactory.lambda$doGetBean$0(AbstractBeanFactory.java:317)
	at org.springframework.beans.factory.support.DefaultSingletonBeanRegistry.getSingleton(DefaultSingletonBeanRegistry.java:228)
	at org.springframework.beans.factory.support.AbstractBeanFactory.doGetBean(AbstractBeanFactory.java:315)
	at org.springframework.beans.factory.support.AbstractBeanFactory.getBean(AbstractBeanFactory.java:199)
	at org.springframework.beans.factory.support.DefaultListableBeanFactory.preInstantiateSingletons(DefaultListableBeanFactory.java:760)
	at org.springframework.context.support.AbstractApplicationContext.finishBeanFactoryInitialization(AbstractApplicationContext.java:869)
	at org.springframework.context.support.AbstractApplicationContext.refresh(AbstractApplicationContext.java:550)
	at org.springframework.boot.SpringApplication.refresh(SpringApplication.java:759)
	at org.springframework.boot.SpringApplication.refreshContext(SpringApplication.java:395)
	at org.springframework.boot.SpringApplication.run(SpringApplication.java:327)
	at org.springframework.boot.test.context.SpringBootContextLoader.loadContext(SpringBootContextLoader.java:139)
	at org.springframework.test.context.cache.DefaultCacheAwareContextLoaderDelegate.loadContextInternal(DefaultCacheAwareContextLoaderDelegate.java:99)
	at org.springframework.test.context.cache.DefaultCacheAwareContextLoaderDelegate.loadContext(DefaultCacheAwareContextLoaderDelegate.java:117)
	... 27 more
Caused by: org.springframework.beans.factory.BeanInitializationException: Failed to init remote service reference at filed urcService in class com.yks.demo.controller.MotanRoleController; nested exception is com.weibo.api.motan.exception.MotanFrameworkException: error_message: ClusterSupport No service urls for the refer:motan2://192.168.19.195:0/urc-service-provider-group/com.yks.urc.motan.service.api.IUrcService/1.0/referer, registries:[zookeeper://192.168.201.211:2181/com.weibo.api.motan.registry.RegistryService?group=default_rpc], status: 404, error_code: 10101,r=null
	at com.weibo.api.motan.config.springsupport.AnnotationBean.postProcessBeforeInitialization(AnnotationBean.java:162)
	at org.springframework.beans.factory.support.AbstractAutowireCapableBeanFactory.applyBeanPostProcessorsBeforeInitialization(AbstractAutowireCapableBeanFactory.java:422)
	at org.springframework.beans.factory.support.AbstractAutowireCapableBeanFactory.initializeBean(AbstractAutowireCapableBeanFactory.java:1698)
	at org.springframework.beans.factory.support.AbstractAutowireCapableBeanFactory.doCreateBean(AbstractAutowireCapableBeanFactory.java:579)
	... 41 more
Caused by: com.weibo.api.motan.exception.MotanFrameworkException: error_message: ClusterSupport No service urls for the refer:motan2://192.168.19.195:0/urc-service-provider-group/com.yks.urc.motan.service.api.IUrcService/1.0/referer, registries:[zookeeper://192.168.201.211:2181/com.weibo.api.motan.registry.RegistryService?group=default_rpc], status: 404, error_code: 10101,r=null
	at com.weibo.api.motan.cluster.support.ClusterSupport.init(ClusterSupport.java:105)
	at com.weibo.api.motan.config.handler.SimpleConfigHandler.buildClusterSupport(SimpleConfigHandler.java:54)
	at com.weibo.api.motan.config.RefererConfig.createClusterSupport(RefererConfig.java:196)
	at com.weibo.api.motan.config.RefererConfig.initRef(RefererConfig.java:138)
	at com.weibo.api.motan.config.RefererConfig.getRef(RefererConfig.java:94)
	at com.weibo.api.motan.config.springsupport.AnnotationBean.refer(AnnotationBean.java:516)
	at com.weibo.api.motan.config.springsupport.AnnotationBean.postProcessBeforeInitialization(AnnotationBean.java:156)
	... 44 more
]]></system-out>
  </testcase>
  <testcase name="endMonitorMemory_Test" classname="com.yks.demo.motan.service.MotanUserServiceTest" time="0.001">
    <error message="Failed to load ApplicationContext" type="java.lang.IllegalStateException">java.lang.IllegalStateException: Failed to load ApplicationContext
Caused by: org.springframework.beans.factory.BeanCreationException: Error creating bean with name 'motanRoleController' defined in file [E:\code\urcenter\source\democlient\target\classes\com\yks\demo\controller\MotanRoleController.class]: Initialization of bean failed; nested exception is org.springframework.beans.factory.BeanInitializationException: Failed to init remote service reference at filed urcService in class com.yks.demo.controller.MotanRoleController; nested exception is com.weibo.api.motan.exception.MotanFrameworkException: error_message: ClusterSupport No service urls for the refer:motan2://192.168.19.195:0/urc-service-provider-group/com.yks.urc.motan.service.api.IUrcService/1.0/referer, registries:[zookeeper://192.168.201.211:2181/com.weibo.api.motan.registry.RegistryService?group=default_rpc], status: 404, error_code: 10101,r=null
Caused by: org.springframework.beans.factory.BeanInitializationException: Failed to init remote service reference at filed urcService in class com.yks.demo.controller.MotanRoleController; nested exception is com.weibo.api.motan.exception.MotanFrameworkException: error_message: ClusterSupport No service urls for the refer:motan2://192.168.19.195:0/urc-service-provider-group/com.yks.urc.motan.service.api.IUrcService/1.0/referer, registries:[zookeeper://192.168.201.211:2181/com.weibo.api.motan.registry.RegistryService?group=default_rpc], status: 404, error_code: 10101,r=null
Caused by: com.weibo.api.motan.exception.MotanFrameworkException: error_message: ClusterSupport No service urls for the refer:motan2://192.168.19.195:0/urc-service-provider-group/com.yks.urc.motan.service.api.IUrcService/1.0/referer, registries:[zookeeper://192.168.201.211:2181/com.weibo.api.motan.registry.RegistryService?group=default_rpc], status: 404, error_code: 10101,r=null
</error>
    <system-out><![CDATA[
  .   ____          _            __ _ _
 /\\ / ___'_ __ _ _(_)_ __  __ _ \ \ \ \
( ( )\___ | '_ | '_| | '_ \/ _` | \ \ \ \
 \\/  ___)| |_)| | | | | || (_| |  ) ) ) )
  '  |____| .__|_| |_|_| |_\__, | / / / /
 =========|_|==============|___/=/_/_/_/
 :: Spring Boot ::        (v2.0.2.RELEASE)

[INFO ][2018-07-16 11:18:44,512][main][com.yks.demo.motan.service.MotanUserServiceTest:50] Starting MotanUserServiceTest on christina with PID 11448 (started by Administrator in E:\code\urcenter\source\democlient)
[INFO ][2018-07-16 11:18:44,513][main][com.yks.demo.motan.service.MotanUserServiceTest:663] The following profiles are active: local
[INFO ][2018-07-16 11:18:44,518][main][org.springframework.web.context.support.GenericWebApplicationContext:590] Refreshing org.springframework.web.context.support.GenericWebApplicationContext@4c59e45e: startup date [Mon Jul 16 11:18:44 CST 2018]; root of context hierarchy
[WARN ][2018-07-16 11:18:44,894][main][org.springframework.context.annotation.ConfigurationClassEnhancer:353] @Bean method MotanConfiguration.motanAnnotationBean is non-static and returns an object assignable to Spring's BeanFactoryPostProcessor interface. This will result in a failure to process annotations such as @Autowired, @Resource and @PostConstruct within the method's declaring @Configuration class. Add the 'static' modifier to this method to avoid these container lifecycle issues; see @Bean javadoc for complete details.
2018-07-16 11:18:45.243  INFO 11448 --- [           main] info                                     : [ZookeeperRegistry] Listener (com.weibo.api.motan.cluster.support.ClusterSupport@5f117b3d) will subscribe to url (motan2://192.168.19.195:0/com.yks.urc.motan.service.api.IUrcService?group=urc-service-provider-group) in Registry [zookeeper://192.168.201.211:2181/default_rpc/com.weibo.api.motan.registry.RegistryService/1.0/service]
2018-07-16 11:18:45.243  INFO 11448 --- [           main] info                                     : CommandFailbackRegistry subscribe. url: motan2://192.168.19.195:0/com.yks.urc.motan.service.api.IUrcService?group=urc-service-provider-group
2018-07-16 11:18:45.243  INFO 11448 --- [           main] info                                     : CommandServiceManager init url:motan2://192.168.19.195:0/com.yks.urc.motan.service.api.IUrcService?singleton=true&haStrategy=failover&maxContentLength=1048576&module=urc-service-provider-module&maxClientConnection=65535&loadbalance=roundrobin&minClientConnection=2&check=true&nodeType=service&version=1.0&throwException=true&accessLog=true&serialization=simple&minWorkerThread=20&retries=0&protocol=motan2&isDefault=true&application=urc-service-provider&maxWorkerThread=65535&refreshTimestamp=1531711125241&id=basicRefererConfig&requestTimeout=10000&group=urc-service-provider-group&
2018-07-16 11:18:45.284  INFO 11448 --- [           main] info                                     : [ZookeeperRegistry] subscribe service: path=/motan/urc-service-provider-group/com.yks.urc.motan.service.api.IUrcService/server/192.168.19.195, info=motan2://192.168.19.195:0/com.yks.urc.motan.service.api.IUrcService?singleton=true&haStrategy=failover&maxContentLength=1048576&module=urc-service-provider-module&maxClientConnection=65535&loadbalance=roundrobin&minClientConnection=2&check=true&nodeType=service&version=1.0&throwException=true&accessLog=true&serialization=simple&minWorkerThread=20&retries=0&protocol=motan2&isDefault=true&application=urc-service-provider&maxWorkerThread=65535&refreshTimestamp=1531711125241&id=basicRefererConfig&requestTimeout=10000&group=urc-service-provider-group&
2018-07-16 11:18:45.289  INFO 11448 --- [           main] info                                     : [ZookeeperRegistry] subscribe command: path=/motan/urc-service-provider-group/command, info=motan2://192.168.19.195:0/com.yks.urc.motan.service.api.IUrcService?singleton=true&haStrategy=failover&maxContentLength=1048576&module=urc-service-provider-module&maxClientConnection=65535&loadbalance=roundrobin&minClientConnection=2&check=true&nodeType=service&version=1.0&throwException=true&accessLog=true&serialization=simple&minWorkerThread=20&retries=0&protocol=motan2&isDefault=true&application=urc-service-provider&maxWorkerThread=65535&refreshTimestamp=1531711125241&id=basicRefererConfig&requestTimeout=10000&group=urc-service-provider-group&
2018-07-16 11:18:45.289  INFO 11448 --- [           main] info                                     : CommandFailbackRegistry discover. url: motan2://192.168.19.195:0/com.yks.urc.motan.service.api.IUrcService?group=urc-service-provider-group
2018-07-16 11:18:45.295  INFO 11448 --- [           main] info                                     : CommandFailbackRegistry discover command. commandStr: , rpccommand is null.
2018-07-16 11:18:45.306  INFO 11448 --- [           main] info                                     : CommandFailbackRegistry discover size: 0
[WARN ][2018-07-16 11:18:45,307][main][org.springframework.web.context.support.GenericWebApplicationContext:558] Exception encountered during context initialization - cancelling refresh attempt: org.springframework.beans.factory.BeanCreationException: Error creating bean with name 'motanRoleController' defined in file [E:\code\urcenter\source\democlient\target\classes\com\yks\demo\controller\MotanRoleController.class]: Initialization of bean failed; nested exception is org.springframework.beans.factory.BeanInitializationException: Failed to init remote service reference at filed urcService in class com.yks.demo.controller.MotanRoleController; nested exception is com.weibo.api.motan.exception.MotanFrameworkException: error_message: ClusterSupport No service urls for the refer:motan2://192.168.19.195:0/urc-service-provider-group/com.yks.urc.motan.service.api.IUrcService/1.0/referer, registries:[zookeeper://192.168.201.211:2181/com.weibo.api.motan.registry.RegistryService?group=default_rpc], status: 404, error_code: 10101,r=null
[INFO ][2018-07-16 11:18:45,312][main][org.springframework.boot.autoconfigure.logging.ConditionEvaluationReportLoggingListener:101] 

Error starting ApplicationContext. To display the conditions report re-run your application with 'debug' enabled.
[ERROR][2018-07-16 11:18:45,314][main][org.springframework.boot.SpringApplication:842] Application run failed
org.springframework.beans.factory.BeanCreationException: Error creating bean with name 'motanRoleController' defined in file [E:\code\urcenter\source\democlient\target\classes\com\yks\demo\controller\MotanRoleController.class]: Initialization of bean failed; nested exception is org.springframework.beans.factory.BeanInitializationException: Failed to init remote service reference at filed urcService in class com.yks.demo.controller.MotanRoleController; nested exception is com.weibo.api.motan.exception.MotanFrameworkException: error_message: ClusterSupport No service urls for the refer:motan2://192.168.19.195:0/urc-service-provider-group/com.yks.urc.motan.service.api.IUrcService/1.0/referer, registries:[zookeeper://192.168.201.211:2181/com.weibo.api.motan.registry.RegistryService?group=default_rpc], status: 404, error_code: 10101,r=null
	at org.springframework.beans.factory.support.AbstractAutowireCapableBeanFactory.doCreateBean(AbstractAutowireCapableBeanFactory.java:587)
	at org.springframework.beans.factory.support.AbstractAutowireCapableBeanFactory.createBean(AbstractAutowireCapableBeanFactory.java:501)
	at org.springframework.beans.factory.support.AbstractBeanFactory.lambda$doGetBean$0(AbstractBeanFactory.java:317)
	at org.springframework.beans.factory.support.DefaultSingletonBeanRegistry.getSingleton(DefaultSingletonBeanRegistry.java:228)
	at org.springframework.beans.factory.support.AbstractBeanFactory.doGetBean(AbstractBeanFactory.java:315)
	at org.springframework.beans.factory.support.AbstractBeanFactory.getBean(AbstractBeanFactory.java:199)
	at org.springframework.beans.factory.support.DefaultListableBeanFactory.preInstantiateSingletons(DefaultListableBeanFactory.java:760)
	at org.springframework.context.support.AbstractApplicationContext.finishBeanFactoryInitialization(AbstractApplicationContext.java:869)
	at org.springframework.context.support.AbstractApplicationContext.refresh(AbstractApplicationContext.java:550)
	at org.springframework.boot.SpringApplication.refresh(SpringApplication.java:759)
	at org.springframework.boot.SpringApplication.refreshContext(SpringApplication.java:395)
	at org.springframework.boot.SpringApplication.run(SpringApplication.java:327)
	at org.springframework.boot.test.context.SpringBootContextLoader.loadContext(SpringBootContextLoader.java:139)
	at org.springframework.test.context.cache.DefaultCacheAwareContextLoaderDelegate.loadContextInternal(DefaultCacheAwareContextLoaderDelegate.java:99)
	at org.springframework.test.context.cache.DefaultCacheAwareContextLoaderDelegate.loadContext(DefaultCacheAwareContextLoaderDelegate.java:117)
	at org.springframework.test.context.support.DefaultTestContext.getApplicationContext(DefaultTestContext.java:108)
	at org.springframework.test.context.web.ServletTestExecutionListener.setUpRequestContextIfNecessary(ServletTestExecutionListener.java:190)
	at org.springframework.test.context.web.ServletTestExecutionListener.prepareTestInstance(ServletTestExecutionListener.java:132)
	at org.springframework.test.context.TestContextManager.prepareTestInstance(TestContextManager.java:246)
	at org.springframework.test.context.junit4.SpringJUnit4ClassRunner.createTest(SpringJUnit4ClassRunner.java:227)
	at org.springframework.test.context.junit4.SpringJUnit4ClassRunner$1.runReflectiveCall(SpringJUnit4ClassRunner.java:289)
	at org.junit.internal.runners.model.ReflectiveCallable.run(ReflectiveCallable.java:12)
	at org.springframework.test.context.junit4.SpringJUnit4ClassRunner.methodBlock(SpringJUnit4ClassRunner.java:291)
	at org.springframework.test.context.junit4.SpringJUnit4ClassRunner.runChild(SpringJUnit4ClassRunner.java:246)
	at org.springframework.test.context.junit4.SpringJUnit4ClassRunner.runChild(SpringJUnit4ClassRunner.java:97)
	at org.junit.runners.ParentRunner$3.run(ParentRunner.java:290)
	at org.junit.runners.ParentRunner$1.schedule(ParentRunner.java:71)
	at org.junit.runners.ParentRunner.runChildren(ParentRunner.java:288)
	at org.junit.runners.ParentRunner.access$000(ParentRunner.java:58)
	at org.junit.runners.ParentRunner$2.evaluate(ParentRunner.java:268)
	at org.springframework.test.context.junit4.statements.RunBeforeTestClassCallbacks.evaluate(RunBeforeTestClassCallbacks.java:61)
	at org.springframework.test.context.junit4.statements.RunAfterTestClassCallbacks.evaluate(RunAfterTestClassCallbacks.java:70)
	at org.junit.runners.ParentRunner.run(ParentRunner.java:363)
	at org.springframework.test.context.junit4.SpringJUnit4ClassRunner.run(SpringJUnit4ClassRunner.java:190)
	at org.apache.maven.surefire.junit4.JUnit4Provider.execute(JUnit4Provider.java:365)
	at org.apache.maven.surefire.junit4.JUnit4Provider.executeWithRerun(JUnit4Provider.java:273)
	at org.apache.maven.surefire.junit4.JUnit4Provider.executeTestSet(JUnit4Provider.java:238)
	at org.apache.maven.surefire.junit4.JUnit4Provider.invoke(JUnit4Provider.java:159)
	at org.apache.maven.surefire.booter.ForkedBooter.invokeProviderInSameClassLoader(ForkedBooter.java:379)
	at org.apache.maven.surefire.booter.ForkedBooter.runSuitesInProcess(ForkedBooter.java:340)
	at org.apache.maven.surefire.booter.ForkedBooter.execute(ForkedBooter.java:125)
	at org.apache.maven.surefire.booter.ForkedBooter.main(ForkedBooter.java:413)
Caused by: org.springframework.beans.factory.BeanInitializationException: Failed to init remote service reference at filed urcService in class com.yks.demo.controller.MotanRoleController; nested exception is com.weibo.api.motan.exception.MotanFrameworkException: error_message: ClusterSupport No service urls for the refer:motan2://192.168.19.195:0/urc-service-provider-group/com.yks.urc.motan.service.api.IUrcService/1.0/referer, registries:[zookeeper://192.168.201.211:2181/com.weibo.api.motan.registry.RegistryService?group=default_rpc], status: 404, error_code: 10101,r=null
	at com.weibo.api.motan.config.springsupport.AnnotationBean.postProcessBeforeInitialization(AnnotationBean.java:162)
	at org.springframework.beans.factory.support.AbstractAutowireCapableBeanFactory.applyBeanPostProcessorsBeforeInitialization(AbstractAutowireCapableBeanFactory.java:422)
	at org.springframework.beans.factory.support.AbstractAutowireCapableBeanFactory.initializeBean(AbstractAutowireCapableBeanFactory.java:1698)
	at org.springframework.beans.factory.support.AbstractAutowireCapableBeanFactory.doCreateBean(AbstractAutowireCapableBeanFactory.java:579)
	... 41 more
Caused by: com.weibo.api.motan.exception.MotanFrameworkException: error_message: ClusterSupport No service urls for the refer:motan2://192.168.19.195:0/urc-service-provider-group/com.yks.urc.motan.service.api.IUrcService/1.0/referer, registries:[zookeeper://192.168.201.211:2181/com.weibo.api.motan.registry.RegistryService?group=default_rpc], status: 404, error_code: 10101,r=null
	at com.weibo.api.motan.cluster.support.ClusterSupport.init(ClusterSupport.java:105)
	at com.weibo.api.motan.config.handler.SimpleConfigHandler.buildClusterSupport(SimpleConfigHandler.java:54)
	at com.weibo.api.motan.config.RefererConfig.createClusterSupport(RefererConfig.java:196)
	at com.weibo.api.motan.config.RefererConfig.initRef(RefererConfig.java:138)
	at com.weibo.api.motan.config.RefererConfig.getRef(RefererConfig.java:94)
	at com.weibo.api.motan.config.springsupport.AnnotationBean.refer(AnnotationBean.java:516)
	at com.weibo.api.motan.config.springsupport.AnnotationBean.postProcessBeforeInitialization(AnnotationBean.java:156)
	... 44 more
[ERROR][2018-07-16 11:18:45,316][main][org.springframework.test.context.TestContextManager:250] Caught exception while allowing TestExecutionListener [org.springframework.test.context.web.ServletTestExecutionListener@4a699efa] to prepare test instance [com.yks.demo.motan.service.MotanUserServiceTest@3f685162]
java.lang.IllegalStateException: Failed to load ApplicationContext
	at org.springframework.test.context.cache.DefaultCacheAwareContextLoaderDelegate.loadContext(DefaultCacheAwareContextLoaderDelegate.java:125)
	at org.springframework.test.context.support.DefaultTestContext.getApplicationContext(DefaultTestContext.java:108)
	at org.springframework.test.context.web.ServletTestExecutionListener.setUpRequestContextIfNecessary(ServletTestExecutionListener.java:190)
	at org.springframework.test.context.web.ServletTestExecutionListener.prepareTestInstance(ServletTestExecutionListener.java:132)
	at org.springframework.test.context.TestContextManager.prepareTestInstance(TestContextManager.java:246)
	at org.springframework.test.context.junit4.SpringJUnit4ClassRunner.createTest(SpringJUnit4ClassRunner.java:227)
	at org.springframework.test.context.junit4.SpringJUnit4ClassRunner$1.runReflectiveCall(SpringJUnit4ClassRunner.java:289)
	at org.junit.internal.runners.model.ReflectiveCallable.run(ReflectiveCallable.java:12)
	at org.springframework.test.context.junit4.SpringJUnit4ClassRunner.methodBlock(SpringJUnit4ClassRunner.java:291)
	at org.springframework.test.context.junit4.SpringJUnit4ClassRunner.runChild(SpringJUnit4ClassRunner.java:246)
	at org.springframework.test.context.junit4.SpringJUnit4ClassRunner.runChild(SpringJUnit4ClassRunner.java:97)
	at org.junit.runners.ParentRunner$3.run(ParentRunner.java:290)
	at org.junit.runners.ParentRunner$1.schedule(ParentRunner.java:71)
	at org.junit.runners.ParentRunner.runChildren(ParentRunner.java:288)
	at org.junit.runners.ParentRunner.access$000(ParentRunner.java:58)
	at org.junit.runners.ParentRunner$2.evaluate(ParentRunner.java:268)
	at org.springframework.test.context.junit4.statements.RunBeforeTestClassCallbacks.evaluate(RunBeforeTestClassCallbacks.java:61)
	at org.springframework.test.context.junit4.statements.RunAfterTestClassCallbacks.evaluate(RunAfterTestClassCallbacks.java:70)
	at org.junit.runners.ParentRunner.run(ParentRunner.java:363)
	at org.springframework.test.context.junit4.SpringJUnit4ClassRunner.run(SpringJUnit4ClassRunner.java:190)
	at org.apache.maven.surefire.junit4.JUnit4Provider.execute(JUnit4Provider.java:365)
	at org.apache.maven.surefire.junit4.JUnit4Provider.executeWithRerun(JUnit4Provider.java:273)
	at org.apache.maven.surefire.junit4.JUnit4Provider.executeTestSet(JUnit4Provider.java:238)
	at org.apache.maven.surefire.junit4.JUnit4Provider.invoke(JUnit4Provider.java:159)
	at org.apache.maven.surefire.booter.ForkedBooter.invokeProviderInSameClassLoader(ForkedBooter.java:379)
	at org.apache.maven.surefire.booter.ForkedBooter.runSuitesInProcess(ForkedBooter.java:340)
	at org.apache.maven.surefire.booter.ForkedBooter.execute(ForkedBooter.java:125)
	at org.apache.maven.surefire.booter.ForkedBooter.main(ForkedBooter.java:413)
Caused by: org.springframework.beans.factory.BeanCreationException: Error creating bean with name 'motanRoleController' defined in file [E:\code\urcenter\source\democlient\target\classes\com\yks\demo\controller\MotanRoleController.class]: Initialization of bean failed; nested exception is org.springframework.beans.factory.BeanInitializationException: Failed to init remote service reference at filed urcService in class com.yks.demo.controller.MotanRoleController; nested exception is com.weibo.api.motan.exception.MotanFrameworkException: error_message: ClusterSupport No service urls for the refer:motan2://192.168.19.195:0/urc-service-provider-group/com.yks.urc.motan.service.api.IUrcService/1.0/referer, registries:[zookeeper://192.168.201.211:2181/com.weibo.api.motan.registry.RegistryService?group=default_rpc], status: 404, error_code: 10101,r=null
	at org.springframework.beans.factory.support.AbstractAutowireCapableBeanFactory.doCreateBean(AbstractAutowireCapableBeanFactory.java:587)
	at org.springframework.beans.factory.support.AbstractAutowireCapableBeanFactory.createBean(AbstractAutowireCapableBeanFactory.java:501)
	at org.springframework.beans.factory.support.AbstractBeanFactory.lambda$doGetBean$0(AbstractBeanFactory.java:317)
	at org.springframework.beans.factory.support.DefaultSingletonBeanRegistry.getSingleton(DefaultSingletonBeanRegistry.java:228)
	at org.springframework.beans.factory.support.AbstractBeanFactory.doGetBean(AbstractBeanFactory.java:315)
	at org.springframework.beans.factory.support.AbstractBeanFactory.getBean(AbstractBeanFactory.java:199)
	at org.springframework.beans.factory.support.DefaultListableBeanFactory.preInstantiateSingletons(DefaultListableBeanFactory.java:760)
	at org.springframework.context.support.AbstractApplicationContext.finishBeanFactoryInitialization(AbstractApplicationContext.java:869)
	at org.springframework.context.support.AbstractApplicationContext.refresh(AbstractApplicationContext.java:550)
	at org.springframework.boot.SpringApplication.refresh(SpringApplication.java:759)
	at org.springframework.boot.SpringApplication.refreshContext(SpringApplication.java:395)
	at org.springframework.boot.SpringApplication.run(SpringApplication.java:327)
	at org.springframework.boot.test.context.SpringBootContextLoader.loadContext(SpringBootContextLoader.java:139)
	at org.springframework.test.context.cache.DefaultCacheAwareContextLoaderDelegate.loadContextInternal(DefaultCacheAwareContextLoaderDelegate.java:99)
	at org.springframework.test.context.cache.DefaultCacheAwareContextLoaderDelegate.loadContext(DefaultCacheAwareContextLoaderDelegate.java:117)
	... 27 more
Caused by: org.springframework.beans.factory.BeanInitializationException: Failed to init remote service reference at filed urcService in class com.yks.demo.controller.MotanRoleController; nested exception is com.weibo.api.motan.exception.MotanFrameworkException: error_message: ClusterSupport No service urls for the refer:motan2://192.168.19.195:0/urc-service-provider-group/com.yks.urc.motan.service.api.IUrcService/1.0/referer, registries:[zookeeper://192.168.201.211:2181/com.weibo.api.motan.registry.RegistryService?group=default_rpc], status: 404, error_code: 10101,r=null
	at com.weibo.api.motan.config.springsupport.AnnotationBean.postProcessBeforeInitialization(AnnotationBean.java:162)
	at org.springframework.beans.factory.support.AbstractAutowireCapableBeanFactory.applyBeanPostProcessorsBeforeInitialization(AbstractAutowireCapableBeanFactory.java:422)
	at org.springframework.beans.factory.support.AbstractAutowireCapableBeanFactory.initializeBean(AbstractAutowireCapableBeanFactory.java:1698)
	at org.springframework.beans.factory.support.AbstractAutowireCapableBeanFactory.doCreateBean(AbstractAutowireCapableBeanFactory.java:579)
	... 41 more
Caused by: com.weibo.api.motan.exception.MotanFrameworkException: error_message: ClusterSupport No service urls for the refer:motan2://192.168.19.195:0/urc-service-provider-group/com.yks.urc.motan.service.api.IUrcService/1.0/referer, registries:[zookeeper://192.168.201.211:2181/com.weibo.api.motan.registry.RegistryService?group=default_rpc], status: 404, error_code: 10101,r=null
	at com.weibo.api.motan.cluster.support.ClusterSupport.init(ClusterSupport.java:105)
	at com.weibo.api.motan.config.handler.SimpleConfigHandler.buildClusterSupport(SimpleConfigHandler.java:54)
	at com.weibo.api.motan.config.RefererConfig.createClusterSupport(RefererConfig.java:196)
	at com.weibo.api.motan.config.RefererConfig.initRef(RefererConfig.java:138)
	at com.weibo.api.motan.config.RefererConfig.getRef(RefererConfig.java:94)
	at com.weibo.api.motan.config.springsupport.AnnotationBean.refer(AnnotationBean.java:516)
	at com.weibo.api.motan.config.springsupport.AnnotationBean.postProcessBeforeInitialization(AnnotationBean.java:156)
	... 44 more
]]></system-out>
  </testcase>
  <testcase name="importPermit_Test" classname="com.yks.demo.motan.service.MotanUserServiceTest" time="0">
    <error message="Failed to load ApplicationContext" type="java.lang.IllegalStateException">java.lang.IllegalStateException: Failed to load ApplicationContext
Caused by: org.springframework.beans.factory.BeanCreationException: Error creating bean with name 'motanRoleController' defined in file [E:\code\urcenter\source\democlient\target\classes\com\yks\demo\controller\MotanRoleController.class]: Initialization of bean failed; nested exception is org.springframework.beans.factory.BeanInitializationException: Failed to init remote service reference at filed urcService in class com.yks.demo.controller.MotanRoleController; nested exception is com.weibo.api.motan.exception.MotanFrameworkException: error_message: ClusterSupport No service urls for the refer:motan2://192.168.19.195:0/urc-service-provider-group/com.yks.urc.motan.service.api.IUrcService/1.0/referer, registries:[zookeeper://192.168.201.211:2181/com.weibo.api.motan.registry.RegistryService?group=default_rpc], status: 404, error_code: 10101,r=null
Caused by: org.springframework.beans.factory.BeanInitializationException: Failed to init remote service reference at filed urcService in class com.yks.demo.controller.MotanRoleController; nested exception is com.weibo.api.motan.exception.MotanFrameworkException: error_message: ClusterSupport No service urls for the refer:motan2://192.168.19.195:0/urc-service-provider-group/com.yks.urc.motan.service.api.IUrcService/1.0/referer, registries:[zookeeper://192.168.201.211:2181/com.weibo.api.motan.registry.RegistryService?group=default_rpc], status: 404, error_code: 10101,r=null
Caused by: com.weibo.api.motan.exception.MotanFrameworkException: error_message: ClusterSupport No service urls for the refer:motan2://192.168.19.195:0/urc-service-provider-group/com.yks.urc.motan.service.api.IUrcService/1.0/referer, registries:[zookeeper://192.168.201.211:2181/com.weibo.api.motan.registry.RegistryService?group=default_rpc], status: 404, error_code: 10101,r=null
</error>
    <system-out><![CDATA[
  .   ____          _            __ _ _
 /\\ / ___'_ __ _ _(_)_ __  __ _ \ \ \ \
( ( )\___ | '_ | '_| | '_ \/ _` | \ \ \ \
 \\/  ___)| |_)| | | | | || (_| |  ) ) ) )
  '  |____| .__|_| |_|_| |_\__, | / / / /
 =========|_|==============|___/=/_/_/_/
 :: Spring Boot ::        (v2.0.2.RELEASE)

[INFO ][2018-07-16 11:18:45,401][main][com.yks.demo.motan.service.MotanUserServiceTest:50] Starting MotanUserServiceTest on christina with PID 11448 (started by Administrator in E:\code\urcenter\source\democlient)
[INFO ][2018-07-16 11:18:45,401][main][com.yks.demo.motan.service.MotanUserServiceTest:663] The following profiles are active: local
[INFO ][2018-07-16 11:18:45,409][main][org.springframework.web.context.support.GenericWebApplicationContext:590] Refreshing org.springframework.web.context.support.GenericWebApplicationContext@6ec7bce0: startup date [Mon Jul 16 11:18:45 CST 2018]; root of context hierarchy
[WARN ][2018-07-16 11:18:45,884][main][org.springframework.context.annotation.ConfigurationClassEnhancer:353] @Bean method MotanConfiguration.motanAnnotationBean is non-static and returns an object assignable to Spring's BeanFactoryPostProcessor interface. This will result in a failure to process annotations such as @Autowired, @Resource and @PostConstruct within the method's declaring @Configuration class. Add the 'static' modifier to this method to avoid these container lifecycle issues; see @Bean javadoc for complete details.
2018-07-16 11:18:46.048  INFO 11448 --- [           main] info                                     : [ZookeeperRegistry] Listener (com.weibo.api.motan.cluster.support.ClusterSupport@117d32e) will subscribe to url (motan2://192.168.19.195:0/com.yks.urc.motan.service.api.IUrcService?group=urc-service-provider-group) in Registry [zookeeper://192.168.201.211:2181/default_rpc/com.weibo.api.motan.registry.RegistryService/1.0/service]
2018-07-16 11:18:46.049  INFO 11448 --- [           main] info                                     : CommandFailbackRegistry subscribe. url: motan2://192.168.19.195:0/com.yks.urc.motan.service.api.IUrcService?group=urc-service-provider-group
2018-07-16 11:18:46.049  INFO 11448 --- [           main] info                                     : CommandServiceManager init url:motan2://192.168.19.195:0/com.yks.urc.motan.service.api.IUrcService?singleton=true&haStrategy=failover&maxContentLength=1048576&module=urc-service-provider-module&maxClientConnection=65535&loadbalance=roundrobin&minClientConnection=2&check=true&nodeType=service&version=1.0&throwException=true&accessLog=true&serialization=simple&minWorkerThread=20&retries=0&protocol=motan2&isDefault=true&application=urc-service-provider&maxWorkerThread=65535&refreshTimestamp=1531711126048&id=basicRefererConfig&requestTimeout=10000&group=urc-service-provider-group&
[...]
2018-07-16 11:18:49.041  INFO 11448 --- [           main] info                                     : CommandFailbackRegistry subscribe. url: motan2://192.168.19.195:0/com.yks.urc.motan.service.api.IUrcService?group=urc-service-provider-group
2018-07-16 11:18:49.042  INFO 11448 --- [           main] info                                     : CommandServiceManager init url:motan2://192.168.19.195:0/com.yks.urc.motan.service.api.IUrcService?singleton=true&haStrategy=failover&maxContentLength=1048576&module=urc-service-provider-module&maxClientConnection=65535&loadbalance=roundrobin&minClientConnection=2&check=true&nodeType=service&version=1.0&throwException=true&accessLog=true&serialization=simple&minWorkerThread=20&retries=0&protocol=motan2&isDefault=true&application=urc-service-provider&maxWorkerThread=65535&refreshTimestamp=1531711129036&id=basicRefererConfig&requestTimeout=10000&group=urc-service-provider-group&
2018-07-16 11:18:49.081  INFO 11448 --- [           main] info                                     : [ZookeeperRegistry] subscribe service: path=/motan/urc-service-provider-group/com.yks.urc.motan.service.api.IUrcService/server/192.168.19.195, info=motan2://192.168.19.195:0/com.yks.urc.motan.service.api.IUrcService?singleton=true&haStrategy=failover&maxContentLength=1048576&module=urc-service-provider-module&maxClientConnection=65535&loadbalance=roundrobin&minClientConnection=2&check=true&nodeType=service&version=1.0&throwException=true&accessLog=true&serialization=simple&minWorkerThread=20&retries=0&protocol=motan2&isDefault=true&application=urc-service-provider&maxWorkerThread=65535&refreshTimestamp=1531711129036&id=basicRefererConfig&requestTimeout=10000&group=urc-service-provider-group&
2018-07-16 11:18:49.086  INFO 11448 --- [           main] info                                     : [ZookeeperRegistry] subscribe command: path=/motan/urc-service-provider-group/command, info=motan2://192.168.19.195:0/com.yks.urc.motan.service.api.IUrcService?singleton=true&haStrategy=failover&maxContentLength=1048576&module=urc-service-provider-module&maxClientConnection=65535&loadbalance=roundrobin&minClientConnection=2&check=true&nodeType=service&version=1.0&throwException=true&accessLog=true&serialization=simple&minWorkerThread=20&retries=0&protocol=motan2&isDefault=true&application=urc-service-provider&maxWorkerThread=65535&refreshTimestamp=1531711129036&id=basicRefererConfig&requestTimeout=10000&group=urc-service-provider-group&
2018-07-16 11:18:49.086  INFO 11448 --- [           main] info                                     : CommandFailbackRegistry discover. url: motan2://192.168.19.195:0/com.yks.urc.motan.service.api.IUrcService?group=urc-service-provider-group
2018-07-16 11:18:49.090  INFO 11448 --- [           main] info                                     : CommandFailbackRegistry discover command. commandStr: , rpccommand is null.
2018-07-16 11:18:49.101  INFO 11448 --- [           main] info                                     : CommandFailbackRegistry discover size: 0
[WARN ][2018-07-16 11:18:49,101][main][org.springframework.web.context.support.GenericWebApplicationContext:558] Exception encountered during context initialization - cancelling refresh attempt: org.springframework.beans.factory.BeanCreationException: Error creating bean with name 'motanRoleController' defined in file [E:\code\urcenter\source\democlient\target\classes\com\yks\demo\controller\MotanRoleController.class]: Initialization of bean failed; nested exception is org.springframework.beans.factory.BeanInitializationException: Failed to init remote service reference at filed urcService in class com.yks.demo.controller.MotanRoleController; nested exception is com.weibo.api.motan.exception.MotanFrameworkException: error_message: ClusterSupport No service urls for the refer:motan2://192.168.19.195:0/urc-service-provider-group/com.yks.urc.motan.service.api.IUrcService/1.0/referer, registries:[zookeeper://192.168.201.211:2181/com.weibo.api.motan.registry.RegistryService?group=default_rpc], status: 404, error_code: 10101,r=null
[INFO ][2018-07-16 11:18:49,105][main][org.springframework.boot.autoconfigure.logging.ConditionEvaluationReportLoggingListener:101] 

Error starting ApplicationContext. To display the conditions report re-run your application with 'debug' enabled.
[ERROR][2018-07-16 11:18:49,106][main][org.springframework.boot.SpringApplication:842] Application run failed
org.springframework.beans.factory.BeanCreationException: Error creating bean with name 'motanRoleController' defined in file [E:\code\urcenter\source\democlient\target\classes\com\yks\demo\controller\MotanRoleController.class]: Initialization of bean failed; nested exception is org.springframework.beans.factory.BeanInitializationException: Failed to init remote service reference at filed urcService in class com.yks.demo.controller.MotanRoleController; nested exception is com.weibo.api.motan.exception.MotanFrameworkException: error_message: ClusterSupport No service urls for the refer:motan2://192.168.19.195:0/urc-service-provider-group/com.yks.urc.motan.service.api.IUrcService/1.0/referer, registries:[zookeeper://192.168.201.211:2181/com.weibo.api.motan.registry.RegistryService?group=default_rpc], status: 404, error_code: 10101,r=null
	at org.springframework.beans.factory.support.AbstractAutowireCapableBeanFactory.doCreateBean(AbstractAutowireCapableBeanFactory.java:587)
	at org.springframework.beans.factory.support.AbstractAutowireCapableBeanFactory.createBean(AbstractAutowireCapableBeanFactory.java:501)
	at org.springframework.beans.factory.support.AbstractBeanFactory.lambda$doGetBean$0(AbstractBeanFactory.java:317)
	at org.springframework.beans.factory.support.DefaultSingletonBeanRegistry.getSingleton(DefaultSingletonBeanRegistry.java:228)
	at org.springframework.beans.factory.support.AbstractBeanFactory.doGetBean(AbstractBeanFactory.java:315)
	at org.springframework.beans.factory.support.AbstractBeanFactory.getBean(AbstractBeanFactory.java:199)
	at org.springframework.beans.factory.support.DefaultListableBeanFactory.preInstantiateSingletons(DefaultListableBeanFactory.java:760)
	at org.springframework.context.support.AbstractApplicationContext.finishBeanFactoryInitialization(AbstractApplicationContext.java:869)
	at org.springframework.context.support.AbstractApplicationContext.refresh(AbstractApplicationContext.java:550)
	at org.springframework.boot.SpringApplication.refresh(SpringApplication.java:759)
	at org.springframework.boot.SpringApplication.refreshContext(SpringApplication.java:395)
	at org.springframework.boot.SpringApplication.run(SpringApplication.java:327)
	at org.springframework.boot.test.context.SpringBootContextLoader.loadContext(SpringBootContextLoader.java:139)
	at org.springframework.test.context.cache.DefaultCacheAwareContextLoaderDelegate.loadContextInternal(DefaultCacheAwareContextLoaderDelegate.java:99)
	at org.springframework.test.context.cache.DefaultCacheAwareContextLoaderDelegate.loadContext(DefaultCacheAwareContextLoaderDelegate.java:117)
	at org.springframework.test.context.support.DefaultTestContext.getApplicationContext(DefaultTestContext.java:108)
	at org.springframework.test.context.web.ServletTestExecutionListener.setUpRequestContextIfNecessary(ServletTestExecutionListener.java:190)
	at org.springframework.test.context.web.ServletTestExecutionListener.prepareTestInstance(ServletTestExecutionListener.java:132)
	at org.springframework.test.context.TestContextManager.prepareTestInstance(TestContextManager.java:246)
	at org.springframework.test.context.junit4.SpringJUnit4ClassRunner.createTest(SpringJUnit4ClassRunner.java:227)
	at org.springframework.test.context.junit4.SpringJUnit4ClassRunner$1.runReflectiveCall(SpringJUnit4ClassRunner.java:289)
	at org.junit.internal.runners.model.ReflectiveCallable.run(ReflectiveCallable.java:12)
	at org.springframework.test.context.junit4.SpringJUnit4ClassRunner.methodBlock(SpringJUnit4ClassRunner.java:291)
	at org.springframework.test.context.junit4.SpringJUnit4ClassRunner.runChild(SpringJUnit4ClassRunner.java:246)
	at org.springframework.test.context.junit4.SpringJUnit4ClassRunner.runChild(SpringJUnit4ClassRunner.java:97)
	at org.junit.runners.ParentRunner$3.run(ParentRunner.java:290)
	at org.junit.runners.ParentRunner$1.schedule(ParentRunner.java:71)
	at org.junit.runners.ParentRunner.runChildren(ParentRunner.java:288)
	at org.junit.runners.ParentRunner.access$000(ParentRunner.java:58)
	at org.junit.runners.ParentRunner$2.evaluate(ParentRunner.java:268)
	at org.springframework.test.context.junit4.statements.RunBeforeTestClassCallbacks.evaluate(RunBeforeTestClassCallbacks.java:61)
	at org.springframework.test.context.junit4.statements.RunAfterTestClassCallbacks.evaluate(RunAfterTestClassCallbacks.java:70)
	at org.junit.runners.ParentRunner.run(ParentRunner.java:363)
	at org.springframework.test.context.junit4.SpringJUnit4ClassRunner.run(SpringJUnit4ClassRunner.java:190)
	at org.apache.maven.surefire.junit4.JUnit4Provider.execute(JUnit4Provider.java:365)
	at org.apache.maven.surefire.junit4.JUnit4Provider.executeWithRerun(JUnit4Provider.java:273)
	at org.apache.maven.surefire.junit4.JUnit4Provider.executeTestSet(JUnit4Provider.java:238)
	at org.apache.maven.surefire.junit4.JUnit4Provider.invoke(JUnit4Provider.java:159)
	at org.apache.maven.surefire.booter.ForkedBooter.invokeProviderInSameClassLoader(ForkedBooter.java:379)
	at org.apache.maven.surefire.booter.ForkedBooter.runSuitesInProcess(ForkedBooter.java:340)
	at org.apache.maven.surefire.booter.ForkedBooter.execute(ForkedBooter.java:125)
	at org.apache.maven.surefire.booter.ForkedBooter.main(ForkedBooter.java:413)
Caused by: org.springframework.beans.factory.BeanInitializationException: Failed to init remote service reference at filed urcService in class com.yks.demo.controller.MotanRoleController; nested exception is com.weibo.api.motan.exception.MotanFrameworkException: error_message: ClusterSupport No service urls for the refer:motan2://192.168.19.195:0/urc-service-provider-group/com.yks.urc.motan.service.api.IUrcService/1.0/referer, registries:[zookeeper://192.168.201.211:2181/com.weibo.api.motan.registry.RegistryService?group=default_rpc], status: 404, error_code: 10101,r=null
	at com.weibo.api.motan.config.springsupport.AnnotationBean.postProcessBeforeInitialization(AnnotationBean.java:162)
	at org.springframework.beans.factory.support.AbstractAutowireCapableBeanFactory.applyBeanPostProcessorsBeforeInitialization(AbstractAutowireCapableBeanFactory.java:422)
	at org.springframework.beans.factory.support.AbstractAutowireCapableBeanFactory.initializeBean(AbstractAutowireCapableBeanFactory.java:1698)
	at org.springframework.beans.factory.support.AbstractAutowireCapableBeanFactory.doCreateBean(AbstractAutowireCapableBeanFactory.java:579)
	... 41 more
Caused by: com.weibo.api.motan.exception.MotanFrameworkException: error_message: ClusterSupport No service urls for the refer:motan2://192.168.19.195:0/urc-service-provider-group/com.yks.urc.motan.service.api.IUrcService/1.0/referer, registries:[zookeeper://192.168.201.211:2181/com.weibo.api.motan.registry.RegistryService?group=default_rpc], status: 404, error_code: 10101,r=null
	at com.weibo.api.motan.cluster.support.ClusterSupport.init(ClusterSupport.java:105)
	at com.weibo.api.motan.config.handler.SimpleConfigHandler.buildClusterSupport(SimpleConfigHandler.java:54)
	at com.weibo.api.motan.config.RefererConfig.createClusterSupport(RefererConfig.java:196)
	at com.weibo.api.motan.config.RefererConfig.initRef(RefererConfig.java:138)
	at com.weibo.api.motan.config.RefererConfig.getRef(RefererConfig.java:94)
	at com.weibo.api.motan.config.springsupport.AnnotationBean.refer(AnnotationBean.java:516)
	at com.weibo.api.motan.config.springsupport.AnnotationBean.postProcessBeforeInitialization(AnnotationBean.java:156)
	... 44 more
[ERROR][2018-07-16 11:18:49,108][main][org.springframework.test.context.TestContextManager:250] Caught exception while allowing TestExecutionListener [org.springframework.test.context.web.ServletTestExecutionListener@4a699efa] to prepare test instance [com.yks.demo.motan.service.MotanUserServiceTest@79a13920]
java.lang.IllegalStateException: Failed to load ApplicationContext
	at org.springframework.test.context.cache.DefaultCacheAwareContextLoaderDelegate.loadContext(DefaultCacheAwareContextLoaderDelegate.java:125)
	at org.springframework.test.context.support.DefaultTestContext.getApplicationContext(DefaultTestContext.java:108)
	at org.springframework.test.context.web.ServletTestExecutionListener.setUpRequestContextIfNecessary(ServletTestExecutionListener.java:190)
	at org.springframework.test.context.web.ServletTestExecutionListener.prepareTestInstance(ServletTestExecutionListener.java:132)
	at org.springframework.test.context.TestContextManager.prepareTestInstance(TestContextManager.java:246)
	at org.springframework.test.context.junit4.SpringJUnit4ClassRunner.createTest(SpringJUnit4ClassRunner.java:227)
	at org.springframework.test.context.junit4.SpringJUnit4ClassRunner$1.runReflectiveCall(SpringJUnit4ClassRunner.java:289)
	at org.junit.internal.runners.model.ReflectiveCallable.run(ReflectiveCallable.java:12)
	at org.springframework.test.context.junit4.SpringJUnit4ClassRunner.methodBlock(SpringJUnit4ClassRunner.java:291)
	at org.springframework.test.context.junit4.SpringJUnit4ClassRunner.runChild(SpringJUnit4ClassRunner.java:246)
	at org.springframework.test.context.junit4.SpringJUnit4ClassRunner.runChild(SpringJUnit4ClassRunner.java:97)
	at org.junit.runners.ParentRunner$3.run(ParentRunner.java:290)
	at org.junit.runners.ParentRunner$1.schedule(ParentRunner.java:71)
	at org.junit.runners.ParentRunner.runChildren(ParentRunner.java:288)
	at org.junit.runners.ParentRunner.access$000(ParentRunner.java:58)
	at org.junit.runners.ParentRunner$2.evaluate(ParentRunner.java:268)
	at org.springframework.test.context.junit4.statements.RunBeforeTestClassCallbacks.evaluate(RunBeforeTestClassCallbacks.java:61)
	at org.springframework.test.context.junit4.statements.RunAfterTestClassCallbacks.evaluate(RunAfterTestClassCallbacks.java:70)
	at org.junit.runners.ParentRunner.run(ParentRunner.java:363)
	at org.springframework.test.context.junit4.SpringJUnit4ClassRunner.run(SpringJUnit4ClassRunner.java:190)
	at org.apache.maven.surefire.junit4.JUnit4Provider.execute(JUnit4Provider.java:365)
	at org.apache.maven.surefire.junit4.JUnit4Provider.executeWithRerun(JUnit4Provider.java:273)
	at org.apache.maven.surefire.junit4.JUnit4Provider.executeTestSet(JUnit4Provider.java:238)
	at org.apache.maven.surefire.junit4.JUnit4Provider.invoke(JUnit4Provider.java:159)
	at org.apache.maven.surefire.booter.ForkedBooter.invokeProviderInSameClassLoader(ForkedBooter.java:379)
	at org.apache.maven.surefire.booter.ForkedBooter.runSuitesInProcess(ForkedBooter.java:340)
	at org.apache.maven.surefire.booter.ForkedBooter.execute(ForkedBooter.java:125)
	at org.apache.maven.surefire.booter.ForkedBooter.main(ForkedBooter.java:413)
Caused by: org.springframework.beans.factory.BeanCreationException: Error creating bean with name 'motanRoleController' defined in file [E:\code\urcenter\source\democlient\target\classes\com\yks\demo\controller\MotanRoleController.class]: Initialization of bean failed; nested exception is org.springframework.beans.factory.BeanInitializationException: Failed to init remote service reference at filed urcService in class com.yks.demo.controller.MotanRoleController; nested exception is com.weibo.api.motan.exception.MotanFrameworkException: error_message: ClusterSupport No service urls for the refer:motan2://192.168.19.195:0/urc-service-provider-group/com.yks.urc.motan.service.api.IUrcService/1.0/referer, registries:[zookeeper://192.168.201.211:2181/com.weibo.api.motan.registry.RegistryService?group=default_rpc], status: 404, error_code: 10101,r=null
	at org.springframework.beans.factory.support.AbstractAutowireCapableBeanFactory.doCreateBean(AbstractAutowireCapableBeanFactory.java:587)
	at org.springframework.beans.factory.support.AbstractAutowireCapableBeanFactory.createBean(AbstractAutowireCapableBeanFactory.java:501)
	at org.springframework.beans.factory.support.AbstractBeanFactory.lambda$doGetBean$0(AbstractBeanFactory.java:317)
	at org.springframework.beans.factory.support.DefaultSingletonBeanRegistry.getSingleton(DefaultSingletonBeanRegistry.java:228)
	at org.springframework.beans.factory.support.AbstractBeanFactory.doGetBean(AbstractBeanFactory.java:315)
	at org.springframework.beans.factory.support.AbstractBeanFactory.getBean(AbstractBeanFactory.java:199)
	at org.springframework.beans.factory.support.DefaultListableBeanFactory.preInstantiateSingletons(DefaultListableBeanFactory.java:760)
	at org.springframework.context.support.AbstractApplicationContext.finishBeanFactoryInitialization(AbstractApplicationContext.java:869)
	at org.springframework.context.support.AbstractApplicationContext.refresh(AbstractApplicationContext.java:550)
	at org.springframework.boot.SpringApplication.refresh(SpringApplication.java:759)
	at org.springframework.boot.SpringApplication.refreshContext(SpringApplication.java:395)
	at org.springframework.boot.SpringApplication.run(SpringApplication.java:327)
	at org.springframework.boot.test.context.SpringBootContextLoader.loadContext(SpringBootContextLoader.java:139)
	at org.springframework.test.context.cache.DefaultCacheAwareContextLoaderDelegate.loadContextInternal(DefaultCacheAwareContextLoaderDelegate.java:99)
	at org.springframework.test.context.cache.DefaultCacheAwareContextLoaderDelegate.loadContext(DefaultCacheAwareContextLoaderDelegate.java:117)
	... 27 more
Caused by: org.springframework.beans.factory.BeanInitializationException: Failed to init remote service reference at filed urcService in class com.yks.demo.controller.MotanRoleController; nested exception is com.weibo.api.motan.exception.MotanFrameworkException: error_message: ClusterSupport No service urls for the refer:motan2://192.168.19.195:0/urc-service-provider-group/com.yks.urc.motan.service.api.IUrcService/1.0/referer, registries:[zookeeper://192.168.201.211:2181/com.weibo.api.motan.registry.RegistryService?group=default_rpc], status: 404, error_code: 10101,r=null
	at com.weibo.api.motan.config.springsupport.AnnotationBean.postProcessBeforeInitialization(AnnotationBean.java:162)
	at org.springframework.beans.factory.support.AbstractAutowireCapableBeanFactory.applyBeanPostProcessorsBeforeInitialization(AbstractAutowireCapableBeanFactory.java:422)
	at org.springframework.beans.factory.support.AbstractAutowireCapableBeanFactory.initializeBean(AbstractAutowireCapableBeanFactory.java:1698)
	at org.springframework.beans.factory.support.AbstractAutowireCapableBeanFactory.doCreateBean(AbstractAutowireCapableBeanFactory.java:579)
	... 41 more
Caused by: com.weibo.api.motan.exception.MotanFrameworkException: error_message: ClusterSupport No service urls for the refer:motan2://192.168.19.195:0/urc-service-provider-group/com.yks.urc.motan.service.api.IUrcService/1.0/referer, registries:[zookeeper://192.168.201.211:2181/com.weibo.api.motan.registry.RegistryService?group=default_rpc], status: 404, error_code: 10101,r=null
	at com.weibo.api.motan.cluster.support.ClusterSupport.init(ClusterSupport.java:105)
	at com.weibo.api.motan.config.handler.SimpleConfigHandler.buildClusterSupport(SimpleConfigHandler.java:54)
	at com.weibo.api.motan.config.RefererConfig.createClusterSupport(RefererConfig.java:196)
	at com.weibo.api.motan.config.RefererConfig.initRef(RefererConfig.java:138)
	at com.weibo.api.motan.config.RefererConfig.getRef(RefererConfig.java:94)
	at com.weibo.api.motan.config.springsupport.AnnotationBean.refer(AnnotationBean.java:516)
	at com.weibo.api.motan.config.springsupport.AnnotationBean.postProcessBeforeInitialization(AnnotationBean.java:156)
	... 44 more
]]></system-out>
  </testcase>
</testsuite>